<?xml version="1.0" encoding="utf-8"?>
<CoverageSession xmlns:xsd="http://www.w3.org/2001/XMLSchema" xmlns:xsi="http://www.w3.org/2001/XMLSchema-instance" Version="4.7.922.0">
  <Summary numSequencePoints="741" visitedSequencePoints="368" numBranchPoints="119" visitedBranchPoints="46" sequenceCoverage="49.66" branchCoverage="38.66" maxCyclomaticComplexity="13" minCyclomaticComplexity="1" maxCrapScore="56" minCrapScore="1" visitedClasses="3" numClasses="6" visitedMethods="27" numMethods="53" />
  <Modules>
    <Module hash="F3-88-03-64-97-D4-A3-20-17-64-9C-64-0A-53-6B-36-7F-10-A9-3D">
      <Summary numSequencePoints="228" visitedSequencePoints="228" numBranchPoints="16" visitedBranchPoints="16" sequenceCoverage="100" branchCoverage="100" maxCyclomaticComplexity="1" minCyclomaticComplexity="1" maxCrapScore="2" minCrapScore="1" visitedClasses="2" numClasses="2" visitedMethods="16" numMethods="16" />
      <ModulePath>C:\Users\meshm\OneDrive\Desktop\gitRepoB&amp;R\Tests\bin\Debug\fine-code-coverage\build-output\Tests.dll</ModulePath>
      <ModuleTime>2024-02-28T12:19:55.6363605Z</ModuleTime>
      <ModuleName>Tests</ModuleName>
      <Files>
        <File uid="1" fullPath="C:\Users\meshm\OneDrive\Desktop\gitRepoB&amp;R\Tests\UnitTest1.cs" />
        <File uid="2" fullPath="C:\Users\meshm\OneDrive\Desktop\gitRepoB&amp;R\Tests\GradientEditor\GradientEditorTests.cs" />
      </Files>
      <Classes>
        <Class>
          <Summary numSequencePoints="2" visitedSequencePoints="2" numBranchPoints="1" visitedBranchPoints="1" sequenceCoverage="100" branchCoverage="100" maxCyclomaticComplexity="1" minCyclomaticComplexity="1" maxCrapScore="2" minCrapScore="1" visitedClasses="1" numClasses="1" visitedMethods="1" numMethods="1" />
          <FullName>Tests.UnitTest1</FullName>
          <Methods>
            <Method visited="true" cyclomaticComplexity="1" nPathComplexity="0" sequenceCoverage="100" branchCoverage="100" crapScore="1" isConstructor="false" isStatic="false" isGetter="false" isSetter="false">
              <Summary numSequencePoints="2" visitedSequencePoints="2" numBranchPoints="1" visitedBranchPoints="1" sequenceCoverage="100" branchCoverage="100" maxCyclomaticComplexity="1" minCyclomaticComplexity="1" maxCrapScore="1" minCrapScore="1" visitedClasses="0" numClasses="0" visitedMethods="1" numMethods="1" />
              <MetadataToken>100663297</MetadataToken>
              <Name>System.Void Tests.UnitTest1::TestMethod1()</Name>
              <FileRef uid="1" />
              <SequencePoints>
                <SequencePoint vc="1" uspid="1" ordinal="0" offset="0" sl="10" sc="9" el="10" ec="10" bec="0" bev="0" fileid="1" />
                <SequencePoint vc="1" uspid="2" ordinal="1" offset="1" sl="11" sc="9" el="11" ec="10" bec="0" bev="0" fileid="1" />
              </SequencePoints>
              <BranchPoints />
              <MethodPoint xsi:type="SequencePoint" vc="1" uspid="1" ordinal="0" offset="0" sl="10" sc="9" el="10" ec="10" bec="0" bev="0" fileid="1" />
            </Method>
            <Method visited="false" cyclomaticComplexity="1" nPathComplexity="0" sequenceCoverage="0" branchCoverage="0" crapScore="2" isConstructor="true" isStatic="false" isGetter="false" isSetter="false">
              <Summary numSequencePoints="0" visitedSequencePoints="0" numBranchPoints="0" visitedBranchPoints="0" sequenceCoverage="0" branchCoverage="0" maxCyclomaticComplexity="1" minCyclomaticComplexity="1" maxCrapScore="2" minCrapScore="2" visitedClasses="0" numClasses="0" visitedMethods="0" numMethods="0" />
              <MetadataToken>100663298</MetadataToken>
              <Name>System.Void Tests.UnitTest1::.ctor()</Name>
              <SequencePoints />
              <BranchPoints />
              <MethodPoint vc="0" uspid="3" ordinal="0" offset="0" />
            </Method>
          </Methods>
        </Class>
        <Class>
          <Summary numSequencePoints="226" visitedSequencePoints="226" numBranchPoints="15" visitedBranchPoints="15" sequenceCoverage="100" branchCoverage="100" maxCyclomaticComplexity="1" minCyclomaticComplexity="1" maxCrapScore="2" minCrapScore="1" visitedClasses="1" numClasses="1" visitedMethods="15" numMethods="15" />
          <FullName>Tests.GradientEditor.GradientEditorTests</FullName>
          <Methods>
            <Method visited="true" cyclomaticComplexity="1" nPathComplexity="0" sequenceCoverage="100" branchCoverage="100" crapScore="1" isConstructor="false" isStatic="false" isGetter="false" isSetter="false">
              <Summary numSequencePoints="6" visitedSequencePoints="6" numBranchPoints="1" visitedBranchPoints="1" sequenceCoverage="100" branchCoverage="100" maxCyclomaticComplexity="1" minCyclomaticComplexity="1" maxCrapScore="1" minCrapScore="1" visitedClasses="0" numClasses="0" visitedMethods="1" numMethods="1" />
              <MetadataToken>100663299</MetadataToken>
              <Name>System.Void Tests.GradientEditor.GradientEditorTests::ConvertColorToRGBA_RedColor_ReturnsRgbaColorRed()</Name>
              <FileRef uid="2" />
              <SequencePoints>
                <SequencePoint vc="1" uspid="4" ordinal="0" offset="0" sl="13" sc="9" el="13" ec="10" bec="0" bev="0" fileid="2" />
                <SequencePoint vc="1" uspid="5" ordinal="1" offset="1" sl="15" sc="13" el="15" ec="58" bec="0" bev="0" fileid="2" />
                <SequencePoint vc="1" uspid="6" ordinal="2" offset="7" sl="16" sc="13" el="16" ec="57" bec="0" bev="0" fileid="2" />
                <SequencePoint vc="1" uspid="7" ordinal="3" offset="13" sl="19" sc="13" el="19" ec="72" bec="0" bev="0" fileid="2" />
                <SequencePoint vc="1" uspid="8" ordinal="4" offset="25" sl="22" sc="13" el="22" ec="56" bec="0" bev="0" fileid="2" />
                <SequencePoint vc="1" uspid="9" ordinal="5" offset="33" sl="23" sc="9" el="23" ec="10" bec="0" bev="0" fileid="2" />
              </SequencePoints>
              <BranchPoints />
              <MethodPoint xsi:type="SequencePoint" vc="1" uspid="4" ordinal="0" offset="0" sl="13" sc="9" el="13" ec="10" bec="0" bev="0" fileid="2" />
            </Method>
            <Method visited="true" cyclomaticComplexity="1" nPathComplexity="0" sequenceCoverage="100" branchCoverage="100" crapScore="1" isConstructor="false" isStatic="false" isGetter="false" isSetter="false">
              <Summary numSequencePoints="6" visitedSequencePoints="6" numBranchPoints="1" visitedBranchPoints="1" sequenceCoverage="100" branchCoverage="100" maxCyclomaticComplexity="1" minCyclomaticComplexity="1" maxCrapScore="1" minCrapScore="1" visitedClasses="0" numClasses="0" visitedMethods="1" numMethods="1" />
              <MetadataToken>100663300</MetadataToken>
              <Name>System.Void Tests.GradientEditor.GradientEditorTests::ConvertColorToHex_RedColor_ReturnsHexColorRed()</Name>
              <FileRef uid="2" />
              <SequencePoints>
                <SequencePoint vc="1" uspid="10" ordinal="0" offset="0" sl="27" sc="9" el="27" ec="10" bec="0" bev="0" fileid="2" />
                <SequencePoint vc="1" uspid="11" ordinal="1" offset="1" sl="29" sc="13" el="29" ec="58" bec="0" bev="0" fileid="2" />
                <SequencePoint vc="1" uspid="12" ordinal="2" offset="7" sl="30" sc="13" el="30" ec="39" bec="0" bev="0" fileid="2" />
                <SequencePoint vc="1" uspid="13" ordinal="3" offset="13" sl="33" sc="13" el="33" ec="70" bec="0" bev="0" fileid="2" />
                <SequencePoint vc="1" uspid="14" ordinal="4" offset="25" sl="36" sc="13" el="36" ec="55" bec="0" bev="0" fileid="2" />
                <SequencePoint vc="1" uspid="15" ordinal="5" offset="33" sl="37" sc="9" el="37" ec="10" bec="0" bev="0" fileid="2" />
              </SequencePoints>
              <BranchPoints />
              <MethodPoint xsi:type="SequencePoint" vc="1" uspid="10" ordinal="0" offset="0" sl="27" sc="9" el="27" ec="10" bec="0" bev="0" fileid="2" />
            </Method>
            <Method visited="true" cyclomaticComplexity="1" nPathComplexity="0" sequenceCoverage="100" branchCoverage="100" crapScore="1" isConstructor="false" isStatic="false" isGetter="false" isSetter="false">
              <Summary numSequencePoints="7" visitedSequencePoints="7" numBranchPoints="1" visitedBranchPoints="1" sequenceCoverage="100" branchCoverage="100" maxCyclomaticComplexity="1" minCyclomaticComplexity="1" maxCrapScore="1" minCrapScore="1" visitedClasses="0" numClasses="0" visitedMethods="1" numMethods="1" />
              <MetadataToken>100663301</MetadataToken>
              <Name>System.Void Tests.GradientEditor.GradientEditorTests::ConvertHexToColor_HexRedColor_ReturnsColorRed()</Name>
              <FileRef uid="2" />
              <SequencePoints>
                <SequencePoint vc="1" uspid="16" ordinal="0" offset="0" sl="41" sc="9" el="41" ec="10" bec="0" bev="0" fileid="2" />
                <SequencePoint vc="1" uspid="17" ordinal="1" offset="1" sl="43" sc="13" el="43" ec="58" bec="0" bev="0" fileid="2" />
                <SequencePoint vc="1" uspid="18" ordinal="2" offset="7" sl="44" sc="13" el="44" ec="38" bec="0" bev="0" fileid="2" />
                <SequencePoint vc="1" uspid="19" ordinal="3" offset="13" sl="45" sc="13" el="45" ec="62" bec="0" bev="0" fileid="2" />
                <SequencePoint vc="1" uspid="20" ordinal="4" offset="27" sl="48" sc="13" el="48" ec="71" bec="0" bev="0" fileid="2" />
                <SequencePoint vc="1" uspid="21" ordinal="5" offset="35" sl="51" sc="13" el="51" ec="57" bec="0" bev="0" fileid="2" />
                <SequencePoint vc="1" uspid="22" ordinal="6" offset="43" sl="52" sc="9" el="52" ec="10" bec="0" bev="0" fileid="2" />
              </SequencePoints>
              <BranchPoints />
              <MethodPoint xsi:type="SequencePoint" vc="1" uspid="16" ordinal="0" offset="0" sl="41" sc="9" el="41" ec="10" bec="0" bev="0" fileid="2" />
            </Method>
            <Method visited="true" cyclomaticComplexity="1" nPathComplexity="0" sequenceCoverage="100" branchCoverage="100" crapScore="1" isConstructor="false" isStatic="false" isGetter="false" isSetter="false">
              <Summary numSequencePoints="7" visitedSequencePoints="7" numBranchPoints="1" visitedBranchPoints="1" sequenceCoverage="100" branchCoverage="100" maxCyclomaticComplexity="1" minCyclomaticComplexity="1" maxCrapScore="1" minCrapScore="1" visitedClasses="0" numClasses="0" visitedMethods="1" numMethods="1" />
              <MetadataToken>100663302</MetadataToken>
              <Name>System.Void Tests.GradientEditor.GradientEditorTests::ConvertRgbaToColor_RgbaRedColor_ReturnsColorRed()</Name>
              <FileRef uid="2" />
              <SequencePoints>
                <SequencePoint vc="1" uspid="23" ordinal="0" offset="0" sl="56" sc="9" el="56" ec="10" bec="0" bev="0" fileid="2" />
                <SequencePoint vc="1" uspid="24" ordinal="1" offset="1" sl="58" sc="13" el="58" ec="58" bec="0" bev="0" fileid="2" />
                <SequencePoint vc="1" uspid="25" ordinal="2" offset="7" sl="59" sc="13" el="59" ec="53" bec="0" bev="0" fileid="2" />
                <SequencePoint vc="1" uspid="26" ordinal="3" offset="13" sl="60" sc="13" el="60" ec="64" bec="0" bev="0" fileid="2" />
                <SequencePoint vc="1" uspid="27" ordinal="4" offset="31" sl="63" sc="13" el="63" ec="73" bec="0" bev="0" fileid="2" />
                <SequencePoint vc="1" uspid="28" ordinal="5" offset="39" sl="66" sc="13" el="66" ec="57" bec="0" bev="0" fileid="2" />
                <SequencePoint vc="1" uspid="29" ordinal="6" offset="47" sl="67" sc="9" el="67" ec="10" bec="0" bev="0" fileid="2" />
              </SequencePoints>
              <BranchPoints />
              <MethodPoint xsi:type="SequencePoint" vc="1" uspid="23" ordinal="0" offset="0" sl="56" sc="9" el="56" ec="10" bec="0" bev="0" fileid="2" />
            </Method>
            <Method visited="true" cyclomaticComplexity="1" nPathComplexity="0" sequenceCoverage="100" branchCoverage="100" crapScore="1" isConstructor="false" isStatic="false" isGetter="false" isSetter="false">
              <Summary numSequencePoints="7" visitedSequencePoints="7" numBranchPoints="1" visitedBranchPoints="1" sequenceCoverage="100" branchCoverage="100" maxCyclomaticComplexity="1" minCyclomaticComplexity="1" maxCrapScore="1" minCrapScore="1" visitedClasses="0" numClasses="0" visitedMethods="1" numMethods="1" />
              <MetadataToken>100663303</MetadataToken>
              <Name>System.Void Tests.GradientEditor.GradientEditorTests::ConvertColorFromRgbaToHex_RgbaRedColor_ReturnsHexRed()</Name>
              <FileRef uid="2" />
              <SequencePoints>
                <SequencePoint vc="1" uspid="30" ordinal="0" offset="0" sl="71" sc="9" el="71" ec="10" bec="0" bev="0" fileid="2" />
                <SequencePoint vc="1" uspid="31" ordinal="1" offset="1" sl="73" sc="13" el="73" ec="58" bec="0" bev="0" fileid="2" />
                <SequencePoint vc="1" uspid="32" ordinal="2" offset="7" sl="74" sc="13" el="74" ec="53" bec="0" bev="0" fileid="2" />
                <SequencePoint vc="1" uspid="33" ordinal="3" offset="13" sl="75" sc="13" el="75" ec="43" bec="0" bev="0" fileid="2" />
                <SequencePoint vc="1" uspid="34" ordinal="4" offset="19" sl="78" sc="13" el="78" ec="80" bec="0" bev="0" fileid="2" />
                <SequencePoint vc="1" uspid="35" ordinal="5" offset="27" sl="81" sc="13" el="81" ec="57" bec="0" bev="0" fileid="2" />
                <SequencePoint vc="1" uspid="36" ordinal="6" offset="35" sl="82" sc="9" el="82" ec="10" bec="0" bev="0" fileid="2" />
              </SequencePoints>
              <BranchPoints />
              <MethodPoint xsi:type="SequencePoint" vc="1" uspid="30" ordinal="0" offset="0" sl="71" sc="9" el="71" ec="10" bec="0" bev="0" fileid="2" />
            </Method>
            <Method visited="true" cyclomaticComplexity="1" nPathComplexity="0" sequenceCoverage="100" branchCoverage="100" crapScore="1" isConstructor="false" isStatic="false" isGetter="false" isSetter="false">
              <Summary numSequencePoints="25" visitedSequencePoints="25" numBranchPoints="1" visitedBranchPoints="1" sequenceCoverage="100" branchCoverage="100" maxCyclomaticComplexity="1" minCyclomaticComplexity="1" maxCrapScore="1" minCrapScore="1" visitedClasses="0" numClasses="0" visitedMethods="1" numMethods="1" />
              <MetadataToken>100663304</MetadataToken>
              <Name>System.Void Tests.GradientEditor.GradientEditorTests::ConvertFromHexToRgba_HexTwoColors_ReturnsTwoRgbaColors()</Name>
              <FileRef uid="2" />
              <SequencePoints>
                <SequencePoint vc="1" uspid="37" ordinal="0" offset="0" sl="86" sc="9" el="86" ec="10" bec="0" bev="0" fileid="2" />
                <SequencePoint vc="1" uspid="38" ordinal="1" offset="1" sl="88" sc="13" el="88" ec="58" bec="0" bev="0" fileid="2" />
                <SequencePoint vc="1" uspid="39" ordinal="2" offset="7" sl="89" sc="13" el="89" ec="39" bec="0" bev="0" fileid="2" />
                <SequencePoint vc="1" uspid="40" ordinal="3" offset="13" sl="90" sc="13" el="90" ec="39" bec="0" bev="0" fileid="2" />
                <SequencePoint vc="1" uspid="41" ordinal="4" offset="19" sl="91" sc="13" el="91" ec="62" bec="0" bev="0" fileid="2" />
                <SequencePoint vc="1" uspid="42" ordinal="5" offset="25" sl="92" sc="13" el="92" ec="62" bec="0" bev="0" fileid="2" />
                <SequencePoint vc="1" uspid="43" ordinal="6" offset="32" sl="93" sc="13" el="93" ec="51" bec="0" bev="0" fileid="2" />
                <SequencePoint vc="1" uspid="44" ordinal="7" offset="39" sl="94" sc="13" el="94" ec="63" bec="0" bev="0" fileid="2" />
                <SequencePoint vc="1" uspid="45" ordinal="8" offset="46" sl="95" sc="13" el="95" ec="46" bec="0" bev="0" fileid="2" />
                <SequencePoint vc="1" uspid="46" ordinal="9" offset="59" sl="96" sc="13" el="96" ec="40" bec="0" bev="0" fileid="2" />
                <SequencePoint vc="1" uspid="47" ordinal="10" offset="72" sl="97" sc="13" el="97" ec="51" bec="0" bev="0" fileid="2" />
                <SequencePoint vc="1" uspid="48" ordinal="11" offset="87" sl="99" sc="13" el="99" ec="58" bec="0" bev="0" fileid="2" />
                <SequencePoint vc="1" uspid="49" ordinal="12" offset="94" sl="100" sc="13" el="100" ec="59" bec="0" bev="0" fileid="2" />
                <SequencePoint vc="1" uspid="50" ordinal="13" offset="101" sl="101" sc="13" el="101" ec="41" bec="0" bev="0" fileid="2" />
                <SequencePoint vc="1" uspid="51" ordinal="14" offset="110" sl="102" sc="13" el="102" ec="39" bec="0" bev="0" fileid="2" />
                <SequencePoint vc="1" uspid="52" ordinal="15" offset="125" sl="103" sc="13" el="103" ec="41" bec="0" bev="0" fileid="2" />
                <SequencePoint vc="1" uspid="53" ordinal="16" offset="140" sl="105" sc="13" el="105" ec="58" bec="0" bev="0" fileid="2" />
                <SequencePoint vc="1" uspid="54" ordinal="17" offset="147" sl="106" sc="13" el="106" ec="60" bec="0" bev="0" fileid="2" />
                <SequencePoint vc="1" uspid="55" ordinal="18" offset="154" sl="107" sc="13" el="107" ec="42" bec="0" bev="0" fileid="2" />
                <SequencePoint vc="1" uspid="56" ordinal="19" offset="163" sl="108" sc="13" el="108" ec="40" bec="0" bev="0" fileid="2" />
                <SequencePoint vc="1" uspid="57" ordinal="20" offset="178" sl="109" sc="13" el="109" ec="41" bec="0" bev="0" fileid="2" />
                <SequencePoint vc="1" uspid="58" ordinal="21" offset="193" sl="112" sc="13" el="112" ec="82" bec="0" bev="0" fileid="2" />
                <SequencePoint vc="1" uspid="59" ordinal="22" offset="203" sl="115" sc="13" el="115" ec="106" bec="0" bev="0" fileid="2" />
                <SequencePoint vc="1" uspid="60" ordinal="23" offset="248" sl="116" sc="13" el="116" ec="106" bec="0" bev="0" fileid="2" />
                <SequencePoint vc="1" uspid="61" ordinal="24" offset="294" sl="117" sc="9" el="117" ec="10" bec="0" bev="0" fileid="2" />
              </SequencePoints>
              <BranchPoints />
              <MethodPoint xsi:type="SequencePoint" vc="1" uspid="37" ordinal="0" offset="0" sl="86" sc="9" el="86" ec="10" bec="0" bev="0" fileid="2" />
            </Method>
            <Method visited="true" cyclomaticComplexity="1" nPathComplexity="0" sequenceCoverage="100" branchCoverage="100" crapScore="1" isConstructor="false" isStatic="false" isGetter="false" isSetter="false">
              <Summary numSequencePoints="25" visitedSequencePoints="25" numBranchPoints="1" visitedBranchPoints="1" sequenceCoverage="100" branchCoverage="100" maxCyclomaticComplexity="1" minCyclomaticComplexity="1" maxCrapScore="1" minCrapScore="1" visitedClasses="0" numClasses="0" visitedMethods="1" numMethods="1" />
              <MetadataToken>100663305</MetadataToken>
              <Name>System.Void Tests.GradientEditor.GradientEditorTests::ConvertFromRgbaToHex_RgbaTwoColors_ReturnsTwoHexColors()</Name>
              <FileRef uid="2" />
              <SequencePoints>
                <SequencePoint vc="1" uspid="62" ordinal="0" offset="0" sl="121" sc="9" el="121" ec="10" bec="0" bev="0" fileid="2" />
                <SequencePoint vc="1" uspid="63" ordinal="1" offset="1" sl="123" sc="13" el="123" ec="58" bec="0" bev="0" fileid="2" />
                <SequencePoint vc="1" uspid="64" ordinal="2" offset="7" sl="124" sc="13" el="124" ec="53" bec="0" bev="0" fileid="2" />
                <SequencePoint vc="1" uspid="65" ordinal="3" offset="13" sl="125" sc="13" el="125" ec="53" bec="0" bev="0" fileid="2" />
                <SequencePoint vc="1" uspid="66" ordinal="4" offset="19" sl="126" sc="13" el="126" ec="48" bec="0" bev="0" fileid="2" />
                <SequencePoint vc="1" uspid="67" ordinal="5" offset="25" sl="127" sc="13" el="127" ec="48" bec="0" bev="0" fileid="2" />
                <SequencePoint vc="1" uspid="68" ordinal="6" offset="32" sl="128" sc="13" el="128" ec="51" bec="0" bev="0" fileid="2" />
                <SequencePoint vc="1" uspid="69" ordinal="7" offset="39" sl="129" sc="13" el="129" ec="63" bec="0" bev="0" fileid="2" />
                <SequencePoint vc="1" uspid="70" ordinal="8" offset="46" sl="130" sc="13" el="130" ec="46" bec="0" bev="0" fileid="2" />
                <SequencePoint vc="1" uspid="71" ordinal="9" offset="59" sl="131" sc="13" el="131" ec="40" bec="0" bev="0" fileid="2" />
                <SequencePoint vc="1" uspid="72" ordinal="10" offset="72" sl="132" sc="13" el="132" ec="51" bec="0" bev="0" fileid="2" />
                <SequencePoint vc="1" uspid="73" ordinal="11" offset="87" sl="134" sc="13" el="134" ec="58" bec="0" bev="0" fileid="2" />
                <SequencePoint vc="1" uspid="74" ordinal="12" offset="94" sl="135" sc="13" el="135" ec="59" bec="0" bev="0" fileid="2" />
                <SequencePoint vc="1" uspid="75" ordinal="13" offset="101" sl="136" sc="13" el="136" ec="41" bec="0" bev="0" fileid="2" />
                <SequencePoint vc="1" uspid="76" ordinal="14" offset="110" sl="137" sc="13" el="137" ec="39" bec="0" bev="0" fileid="2" />
                <SequencePoint vc="1" uspid="77" ordinal="15" offset="125" sl="138" sc="13" el="138" ec="41" bec="0" bev="0" fileid="2" />
                <SequencePoint vc="1" uspid="78" ordinal="16" offset="140" sl="140" sc="13" el="140" ec="58" bec="0" bev="0" fileid="2" />
                <SequencePoint vc="1" uspid="79" ordinal="17" offset="147" sl="141" sc="13" el="141" ec="60" bec="0" bev="0" fileid="2" />
                <SequencePoint vc="1" uspid="80" ordinal="18" offset="154" sl="142" sc="13" el="142" ec="42" bec="0" bev="0" fileid="2" />
                <SequencePoint vc="1" uspid="81" ordinal="19" offset="163" sl="143" sc="13" el="143" ec="40" bec="0" bev="0" fileid="2" />
                <SequencePoint vc="1" uspid="82" ordinal="20" offset="178" sl="144" sc="13" el="144" ec="41" bec="0" bev="0" fileid="2" />
                <SequencePoint vc="1" uspid="83" ordinal="21" offset="193" sl="147" sc="13" el="147" ec="82" bec="0" bev="0" fileid="2" />
                <SequencePoint vc="1" uspid="84" ordinal="22" offset="203" sl="150" sc="13" el="150" ec="106" bec="0" bev="0" fileid="2" />
                <SequencePoint vc="1" uspid="85" ordinal="23" offset="248" sl="151" sc="13" el="151" ec="106" bec="0" bev="0" fileid="2" />
                <SequencePoint vc="1" uspid="86" ordinal="24" offset="294" sl="152" sc="9" el="152" ec="10" bec="0" bev="0" fileid="2" />
              </SequencePoints>
              <BranchPoints />
              <MethodPoint xsi:type="SequencePoint" vc="1" uspid="62" ordinal="0" offset="0" sl="121" sc="9" el="121" ec="10" bec="0" bev="0" fileid="2" />
            </Method>
            <Method visited="true" cyclomaticComplexity="1" nPathComplexity="0" sequenceCoverage="100" branchCoverage="100" crapScore="1" isConstructor="false" isStatic="false" isGetter="false" isSetter="false">
              <Summary numSequencePoints="6" visitedSequencePoints="6" numBranchPoints="1" visitedBranchPoints="1" sequenceCoverage="100" branchCoverage="100" maxCyclomaticComplexity="1" minCyclomaticComplexity="1" maxCrapScore="1" minCrapScore="1" visitedClasses="0" numClasses="0" visitedMethods="1" numMethods="1" />
              <MetadataToken>100663306</MetadataToken>
              <Name>System.Void Tests.GradientEditor.GradientEditorTests::IsValidHexColor_HexColor_ReturnsTrue()</Name>
              <FileRef uid="2" />
              <SequencePoints>
                <SequencePoint vc="1" uspid="87" ordinal="0" offset="0" sl="156" sc="9" el="156" ec="10" bec="0" bev="0" fileid="2" />
                <SequencePoint vc="1" uspid="88" ordinal="1" offset="1" sl="158" sc="13" el="158" ec="58" bec="0" bev="0" fileid="2" />
                <SequencePoint vc="1" uspid="89" ordinal="2" offset="7" sl="159" sc="13" el="159" ec="38" bec="0" bev="0" fileid="2" />
                <SequencePoint vc="1" uspid="90" ordinal="3" offset="13" sl="162" sc="13" el="162" ec="69" bec="0" bev="0" fileid="2" />
                <SequencePoint vc="1" uspid="91" ordinal="4" offset="21" sl="165" sc="13" el="165" ec="48" bec="0" bev="0" fileid="2" />
                <SequencePoint vc="1" uspid="92" ordinal="5" offset="29" sl="166" sc="9" el="166" ec="10" bec="0" bev="0" fileid="2" />
              </SequencePoints>
              <BranchPoints />
              <MethodPoint xsi:type="SequencePoint" vc="1" uspid="87" ordinal="0" offset="0" sl="156" sc="9" el="156" ec="10" bec="0" bev="0" fileid="2" />
            </Method>
            <Method visited="true" cyclomaticComplexity="1" nPathComplexity="0" sequenceCoverage="100" branchCoverage="100" crapScore="1" isConstructor="false" isStatic="false" isGetter="false" isSetter="false">
              <Summary numSequencePoints="6" visitedSequencePoints="6" numBranchPoints="1" visitedBranchPoints="1" sequenceCoverage="100" branchCoverage="100" maxCyclomaticComplexity="1" minCyclomaticComplexity="1" maxCrapScore="1" minCrapScore="1" visitedClasses="0" numClasses="0" visitedMethods="1" numMethods="1" />
              <MetadataToken>100663307</MetadataToken>
              <Name>System.Void Tests.GradientEditor.GradientEditorTests::IsValidHexColor_NotHexColor_ReturnsFalse()</Name>
              <FileRef uid="2" />
              <SequencePoints>
                <SequencePoint vc="1" uspid="93" ordinal="0" offset="0" sl="170" sc="9" el="170" ec="10" bec="0" bev="0" fileid="2" />
                <SequencePoint vc="1" uspid="94" ordinal="1" offset="1" sl="172" sc="13" el="172" ec="58" bec="0" bev="0" fileid="2" />
                <SequencePoint vc="1" uspid="95" ordinal="2" offset="7" sl="173" sc="13" el="173" ec="52" bec="0" bev="0" fileid="2" />
                <SequencePoint vc="1" uspid="96" ordinal="3" offset="13" sl="176" sc="13" el="176" ec="69" bec="0" bev="0" fileid="2" />
                <SequencePoint vc="1" uspid="97" ordinal="4" offset="21" sl="179" sc="13" el="179" ec="49" bec="0" bev="0" fileid="2" />
                <SequencePoint vc="1" uspid="98" ordinal="5" offset="29" sl="180" sc="9" el="180" ec="10" bec="0" bev="0" fileid="2" />
              </SequencePoints>
              <BranchPoints />
              <MethodPoint xsi:type="SequencePoint" vc="1" uspid="93" ordinal="0" offset="0" sl="170" sc="9" el="170" ec="10" bec="0" bev="0" fileid="2" />
            </Method>
            <Method visited="true" cyclomaticComplexity="1" nPathComplexity="0" sequenceCoverage="100" branchCoverage="100" crapScore="1" isConstructor="false" isStatic="false" isGetter="false" isSetter="false">
              <Summary numSequencePoints="6" visitedSequencePoints="6" numBranchPoints="1" visitedBranchPoints="1" sequenceCoverage="100" branchCoverage="100" maxCyclomaticComplexity="1" minCyclomaticComplexity="1" maxCrapScore="1" minCrapScore="1" visitedClasses="0" numClasses="0" visitedMethods="1" numMethods="1" />
              <MetadataToken>100663308</MetadataToken>
              <Name>System.Void Tests.GradientEditor.GradientEditorTests::IsValidRGBAColor_RgbaColor_ReturnsTrue()</Name>
              <FileRef uid="2" />
              <SequencePoints>
                <SequencePoint vc="1" uspid="99" ordinal="0" offset="0" sl="184" sc="9" el="184" ec="10" bec="0" bev="0" fileid="2" />
                <SequencePoint vc="1" uspid="100" ordinal="1" offset="1" sl="186" sc="13" el="186" ec="58" bec="0" bev="0" fileid="2" />
                <SequencePoint vc="1" uspid="101" ordinal="2" offset="7" sl="187" sc="13" el="187" ec="53" bec="0" bev="0" fileid="2" />
                <SequencePoint vc="1" uspid="102" ordinal="3" offset="13" sl="190" sc="13" el="190" ec="71" bec="0" bev="0" fileid="2" />
                <SequencePoint vc="1" uspid="103" ordinal="4" offset="21" sl="193" sc="13" el="193" ec="48" bec="0" bev="0" fileid="2" />
                <SequencePoint vc="1" uspid="104" ordinal="5" offset="29" sl="194" sc="9" el="194" ec="10" bec="0" bev="0" fileid="2" />
              </SequencePoints>
              <BranchPoints />
              <MethodPoint xsi:type="SequencePoint" vc="1" uspid="99" ordinal="0" offset="0" sl="184" sc="9" el="184" ec="10" bec="0" bev="0" fileid="2" />
            </Method>
            <Method visited="true" cyclomaticComplexity="1" nPathComplexity="0" sequenceCoverage="100" branchCoverage="100" crapScore="1" isConstructor="false" isStatic="false" isGetter="false" isSetter="false">
              <Summary numSequencePoints="6" visitedSequencePoints="6" numBranchPoints="1" visitedBranchPoints="1" sequenceCoverage="100" branchCoverage="100" maxCyclomaticComplexity="1" minCyclomaticComplexity="1" maxCrapScore="1" minCrapScore="1" visitedClasses="0" numClasses="0" visitedMethods="1" numMethods="1" />
              <MetadataToken>100663309</MetadataToken>
              <Name>System.Void Tests.GradientEditor.GradientEditorTests::IsValidRGBAColor_RgbaColor_ReturnsFalse()</Name>
              <FileRef uid="2" />
              <SequencePoints>
                <SequencePoint vc="1" uspid="105" ordinal="0" offset="0" sl="198" sc="9" el="198" ec="10" bec="0" bev="0" fileid="2" />
                <SequencePoint vc="1" uspid="106" ordinal="1" offset="1" sl="200" sc="13" el="200" ec="58" bec="0" bev="0" fileid="2" />
                <SequencePoint vc="1" uspid="107" ordinal="2" offset="7" sl="201" sc="13" el="201" ec="39" bec="0" bev="0" fileid="2" />
                <SequencePoint vc="1" uspid="108" ordinal="3" offset="13" sl="204" sc="13" el="204" ec="71" bec="0" bev="0" fileid="2" />
                <SequencePoint vc="1" uspid="109" ordinal="4" offset="21" sl="207" sc="13" el="207" ec="49" bec="0" bev="0" fileid="2" />
                <SequencePoint vc="1" uspid="110" ordinal="5" offset="29" sl="208" sc="9" el="208" ec="10" bec="0" bev="0" fileid="2" />
              </SequencePoints>
              <BranchPoints />
              <MethodPoint xsi:type="SequencePoint" vc="1" uspid="105" ordinal="0" offset="0" sl="198" sc="9" el="198" ec="10" bec="0" bev="0" fileid="2" />
            </Method>
            <Method visited="true" cyclomaticComplexity="1" nPathComplexity="0" sequenceCoverage="100" branchCoverage="100" crapScore="1" isConstructor="false" isStatic="false" isGetter="false" isSetter="false">
              <Summary numSequencePoints="35" visitedSequencePoints="35" numBranchPoints="1" visitedBranchPoints="1" sequenceCoverage="100" branchCoverage="100" maxCyclomaticComplexity="1" minCyclomaticComplexity="1" maxCrapScore="1" minCrapScore="1" visitedClasses="0" numClasses="0" visitedMethods="1" numMethods="1" />
              <MetadataToken>100663310</MetadataToken>
              <Name>System.Void Tests.GradientEditor.GradientEditorTests::FromatResult_TwoColors_ReturnsCssStringWithTwoColors()</Name>
              <FileRef uid="2" />
              <SequencePoints>
                <SequencePoint vc="1" uspid="111" ordinal="0" offset="0" sl="212" sc="9" el="212" ec="10" bec="0" bev="0" fileid="2" />
                <SequencePoint vc="1" uspid="112" ordinal="1" offset="1" sl="214" sc="13" el="214" ec="58" bec="0" bev="0" fileid="2" />
                <SequencePoint vc="1" uspid="113" ordinal="2" offset="7" sl="215" sc="13" el="215" ec="39" bec="0" bev="0" fileid="2" />
                <SequencePoint vc="1" uspid="114" ordinal="3" offset="13" sl="216" sc="13" el="216" ec="39" bec="0" bev="0" fileid="2" />
                <SequencePoint vc="1" uspid="115" ordinal="4" offset="19" sl="217" sc="13" el="217" ec="36" bec="0" bev="0" fileid="2" />
                <SequencePoint vc="1" uspid="116" ordinal="5" offset="25" sl="218" sc="13" el="218" ec="36" bec="0" bev="0" fileid="2" />
                <SequencePoint vc="1" uspid="117" ordinal="6" offset="32" sl="219" sc="13" el="219" ec="87" bec="0" bev="0" fileid="2" />
                <SequencePoint vc="1" uspid="118" ordinal="7" offset="39" sl="221" sc="13" el="221" ec="51" bec="0" bev="0" fileid="2" />
                <SequencePoint vc="1" uspid="119" ordinal="8" offset="46" sl="222" sc="13" el="222" ec="63" bec="0" bev="0" fileid="2" />
                <SequencePoint vc="1" uspid="120" ordinal="9" offset="53" sl="223" sc="13" el="223" ec="46" bec="0" bev="0" fileid="2" />
                <SequencePoint vc="1" uspid="121" ordinal="10" offset="66" sl="224" sc="13" el="224" ec="40" bec="0" bev="0" fileid="2" />
                <SequencePoint vc="1" uspid="122" ordinal="11" offset="79" sl="225" sc="13" el="225" ec="51" bec="0" bev="0" fileid="2" />
                <SequencePoint vc="1" uspid="123" ordinal="12" offset="94" sl="227" sc="13" el="227" ec="67" bec="0" bev="0" fileid="2" />
                <SequencePoint vc="1" uspid="124" ordinal="13" offset="101" sl="228" sc="13" el="228" ec="55" bec="0" bev="0" fileid="2" />
                <SequencePoint vc="1" uspid="125" ordinal="14" offset="114" sl="229" sc="13" el="229" ec="48" bec="0" bev="0" fileid="2" />
                <SequencePoint vc="1" uspid="126" ordinal="15" offset="127" sl="230" sc="13" el="230" ec="55" bec="0" bev="0" fileid="2" />
                <SequencePoint vc="1" uspid="127" ordinal="16" offset="142" sl="232" sc="13" el="232" ec="58" bec="0" bev="0" fileid="2" />
                <SequencePoint vc="1" uspid="128" ordinal="17" offset="149" sl="233" sc="13" el="233" ec="59" bec="0" bev="0" fileid="2" />
                <SequencePoint vc="1" uspid="129" ordinal="18" offset="156" sl="234" sc="13" el="234" ec="41" bec="0" bev="0" fileid="2" />
                <SequencePoint vc="1" uspid="130" ordinal="19" offset="165" sl="235" sc="13" el="235" ec="39" bec="0" bev="0" fileid="2" />
                <SequencePoint vc="1" uspid="131" ordinal="20" offset="180" sl="237" sc="13" el="237" ec="63" bec="0" bev="0" fileid="2" />
                <SequencePoint vc="1" uspid="132" ordinal="21" offset="187" sl="238" sc="13" el="238" ec="46" bec="0" bev="0" fileid="2" />
                <SequencePoint vc="1" uspid="133" ordinal="22" offset="196" sl="239" sc="13" el="239" ec="43" bec="0" bev="0" fileid="2" />
                <SequencePoint vc="1" uspid="134" ordinal="23" offset="211" sl="241" sc="13" el="241" ec="41" bec="0" bev="0" fileid="2" />
                <SequencePoint vc="1" uspid="135" ordinal="24" offset="226" sl="244" sc="13" el="244" ec="58" bec="0" bev="0" fileid="2" />
                <SequencePoint vc="1" uspid="136" ordinal="25" offset="233" sl="245" sc="13" el="245" ec="60" bec="0" bev="0" fileid="2" />
                <SequencePoint vc="1" uspid="137" ordinal="26" offset="240" sl="246" sc="13" el="246" ec="42" bec="0" bev="0" fileid="2" />
                <SequencePoint vc="1" uspid="138" ordinal="27" offset="249" sl="247" sc="13" el="247" ec="40" bec="0" bev="0" fileid="2" />
                <SequencePoint vc="1" uspid="139" ordinal="28" offset="264" sl="249" sc="13" el="249" ec="64" bec="0" bev="0" fileid="2" />
                <SequencePoint vc="1" uspid="140" ordinal="29" offset="271" sl="250" sc="13" el="250" ec="47" bec="0" bev="0" fileid="2" />
                <SequencePoint vc="1" uspid="141" ordinal="30" offset="281" sl="251" sc="13" el="251" ec="44" bec="0" bev="0" fileid="2" />
                <SequencePoint vc="1" uspid="142" ordinal="31" offset="296" sl="253" sc="13" el="253" ec="41" bec="0" bev="0" fileid="2" />
                <SequencePoint vc="1" uspid="143" ordinal="32" offset="311" sl="256" sc="13" el="256" ec="114" bec="0" bev="0" fileid="2" />
                <SequencePoint vc="1" uspid="144" ordinal="33" offset="331" sl="259" sc="13" el="259" ec="62" bec="0" bev="0" fileid="2" />
                <SequencePoint vc="1" uspid="145" ordinal="34" offset="341" sl="260" sc="9" el="260" ec="10" bec="0" bev="0" fileid="2" />
              </SequencePoints>
              <BranchPoints />
              <MethodPoint xsi:type="SequencePoint" vc="1" uspid="111" ordinal="0" offset="0" sl="212" sc="9" el="212" ec="10" bec="0" bev="0" fileid="2" />
            </Method>
            <Method visited="true" cyclomaticComplexity="1" nPathComplexity="0" sequenceCoverage="100" branchCoverage="100" crapScore="1" isConstructor="false" isStatic="false" isGetter="false" isSetter="false">
              <Summary numSequencePoints="24" visitedSequencePoints="24" numBranchPoints="1" visitedBranchPoints="1" sequenceCoverage="100" branchCoverage="100" maxCyclomaticComplexity="1" minCyclomaticComplexity="1" maxCrapScore="1" minCrapScore="1" visitedClasses="0" numClasses="0" visitedMethods="1" numMethods="1" />
              <MetadataToken>100663311</MetadataToken>
              <Name>System.Void Tests.GradientEditor.GradientEditorTests::FromatResult_OneColor_ReturnsEmptyCssString()</Name>
              <FileRef uid="2" />
              <SequencePoints>
                <SequencePoint vc="1" uspid="146" ordinal="0" offset="0" sl="264" sc="9" el="264" ec="10" bec="0" bev="0" fileid="2" />
                <SequencePoint vc="1" uspid="147" ordinal="1" offset="1" sl="266" sc="13" el="266" ec="58" bec="0" bev="0" fileid="2" />
                <SequencePoint vc="1" uspid="148" ordinal="2" offset="7" sl="267" sc="13" el="267" ec="39" bec="0" bev="0" fileid="2" />
                <SequencePoint vc="1" uspid="149" ordinal="3" offset="13" sl="268" sc="13" el="268" ec="36" bec="0" bev="0" fileid="2" />
                <SequencePoint vc="1" uspid="150" ordinal="4" offset="19" sl="270" sc="13" el="270" ec="51" bec="0" bev="0" fileid="2" />
                <SequencePoint vc="1" uspid="151" ordinal="5" offset="25" sl="271" sc="13" el="271" ec="63" bec="0" bev="0" fileid="2" />
                <SequencePoint vc="1" uspid="152" ordinal="6" offset="32" sl="272" sc="13" el="272" ec="46" bec="0" bev="0" fileid="2" />
                <SequencePoint vc="1" uspid="153" ordinal="7" offset="45" sl="273" sc="13" el="273" ec="40" bec="0" bev="0" fileid="2" />
                <SequencePoint vc="1" uspid="154" ordinal="8" offset="58" sl="274" sc="13" el="274" ec="51" bec="0" bev="0" fileid="2" />
                <SequencePoint vc="1" uspid="155" ordinal="9" offset="72" sl="276" sc="13" el="276" ec="67" bec="0" bev="0" fileid="2" />
                <SequencePoint vc="1" uspid="156" ordinal="10" offset="79" sl="277" sc="13" el="277" ec="55" bec="0" bev="0" fileid="2" />
                <SequencePoint vc="1" uspid="157" ordinal="11" offset="92" sl="278" sc="13" el="278" ec="48" bec="0" bev="0" fileid="2" />
                <SequencePoint vc="1" uspid="158" ordinal="12" offset="105" sl="279" sc="13" el="279" ec="55" bec="0" bev="0" fileid="2" />
                <SequencePoint vc="1" uspid="159" ordinal="13" offset="119" sl="281" sc="13" el="281" ec="58" bec="0" bev="0" fileid="2" />
                <SequencePoint vc="1" uspid="160" ordinal="14" offset="126" sl="282" sc="13" el="282" ec="59" bec="0" bev="0" fileid="2" />
                <SequencePoint vc="1" uspid="161" ordinal="15" offset="133" sl="283" sc="13" el="283" ec="41" bec="0" bev="0" fileid="2" />
                <SequencePoint vc="1" uspid="162" ordinal="16" offset="142" sl="284" sc="13" el="284" ec="39" bec="0" bev="0" fileid="2" />
                <SequencePoint vc="1" uspid="163" ordinal="17" offset="157" sl="286" sc="13" el="286" ec="63" bec="0" bev="0" fileid="2" />
                <SequencePoint vc="1" uspid="164" ordinal="18" offset="164" sl="287" sc="13" el="287" ec="46" bec="0" bev="0" fileid="2" />
                <SequencePoint vc="1" uspid="165" ordinal="19" offset="173" sl="288" sc="13" el="288" ec="43" bec="0" bev="0" fileid="2" />
                <SequencePoint vc="1" uspid="166" ordinal="20" offset="188" sl="290" sc="13" el="290" ec="41" bec="0" bev="0" fileid="2" />
                <SequencePoint vc="1" uspid="167" ordinal="21" offset="202" sl="293" sc="13" el="293" ec="114" bec="0" bev="0" fileid="2" />
                <SequencePoint vc="1" uspid="168" ordinal="22" offset="221" sl="296" sc="13" el="296" ec="60" bec="0" bev="0" fileid="2" />
                <SequencePoint vc="1" uspid="169" ordinal="23" offset="234" sl="297" sc="9" el="297" ec="10" bec="0" bev="0" fileid="2" />
              </SequencePoints>
              <BranchPoints />
              <MethodPoint xsi:type="SequencePoint" vc="1" uspid="146" ordinal="0" offset="0" sl="264" sc="9" el="264" ec="10" bec="0" bev="0" fileid="2" />
            </Method>
            <Method visited="true" cyclomaticComplexity="1" nPathComplexity="0" sequenceCoverage="100" branchCoverage="100" crapScore="1" isConstructor="false" isStatic="false" isGetter="false" isSetter="false">
              <Summary numSequencePoints="30" visitedSequencePoints="30" numBranchPoints="1" visitedBranchPoints="1" sequenceCoverage="100" branchCoverage="100" maxCyclomaticComplexity="1" minCyclomaticComplexity="1" maxCrapScore="1" minCrapScore="1" visitedClasses="0" numClasses="0" visitedMethods="1" numMethods="1" />
              <MetadataToken>100663312</MetadataToken>
              <Name>System.Void Tests.GradientEditor.GradientEditorTests::ConvertResultToFormData_CssResultString_ReturnsCorrectHexConfiguration()</Name>
              <FileRef uid="2" />
              <SequencePoints>
                <SequencePoint vc="1" uspid="170" ordinal="0" offset="0" sl="301" sc="9" el="301" ec="10" bec="0" bev="0" fileid="2" />
                <SequencePoint vc="1" uspid="171" ordinal="1" offset="1" sl="303" sc="13" el="303" ec="58" bec="0" bev="0" fileid="2" />
                <SequencePoint vc="1" uspid="172" ordinal="2" offset="7" sl="304" sc="13" el="304" ec="82" bec="0" bev="0" fileid="2" />
                <SequencePoint vc="1" uspid="173" ordinal="3" offset="13" sl="305" sc="13" el="305" ec="44" bec="0" bev="0" fileid="2" />
                <SequencePoint vc="1" uspid="174" ordinal="4" offset="19" sl="306" sc="13" el="306" ec="44" bec="0" bev="0" fileid="2" />
                <SequencePoint vc="1" uspid="175" ordinal="5" offset="25" sl="307" sc="13" el="307" ec="44" bec="0" bev="0" fileid="2" />
                <SequencePoint vc="1" uspid="176" ordinal="6" offset="32" sl="308" sc="13" el="308" ec="44" bec="0" bev="0" fileid="2" />
                <SequencePoint vc="1" uspid="177" ordinal="7" offset="39" sl="310" sc="13" el="310" ec="46" bec="0" bev="0" fileid="2" />
                <SequencePoint vc="1" uspid="178" ordinal="8" offset="46" sl="311" sc="13" el="311" ec="40" bec="0" bev="0" fileid="2" />
                <SequencePoint vc="1" uspid="179" ordinal="9" offset="64" sl="312" sc="13" el="312" ec="44" bec="0" bev="0" fileid="2" />
                <SequencePoint vc="1" uspid="180" ordinal="10" offset="77" sl="313" sc="13" el="313" ec="52" bec="0" bev="0" fileid="2" />
                <SequencePoint vc="1" uspid="181" ordinal="11" offset="84" sl="314" sc="13" el="314" ec="49" bec="0" bev="0" fileid="2" />
                <SequencePoint vc="1" uspid="182" ordinal="12" offset="102" sl="315" sc="13" el="315" ec="53" bec="0" bev="0" fileid="2" />
                <SequencePoint vc="1" uspid="183" ordinal="13" offset="115" sl="317" sc="13" el="317" ec="51" bec="0" bev="0" fileid="2" />
                <SequencePoint vc="1" uspid="184" ordinal="14" offset="122" sl="318" sc="13" el="318" ec="56" bec="0" bev="0" fileid="2" />
                <SequencePoint vc="1" uspid="185" ordinal="15" offset="145" sl="319" sc="13" el="319" ec="65" bec="0" bev="0" fileid="2" />
                <SequencePoint vc="1" uspid="186" ordinal="16" offset="168" sl="322" sc="13" el="322" ec="84" bec="0" bev="0" fileid="2" />
                <SequencePoint vc="1" uspid="187" ordinal="17" offset="175" sl="323" sc="13" el="323" ec="48" bec="0" bev="0" fileid="2" />
                <SequencePoint vc="1" uspid="188" ordinal="18" offset="188" sl="324" sc="13" el="324" ec="40" bec="0" bev="0" fileid="2" />
                <SequencePoint vc="1" uspid="189" ordinal="19" offset="201" sl="325" sc="13" el="325" ec="61" bec="0" bev="0" fileid="2" />
                <SequencePoint vc="1" uspid="190" ordinal="20" offset="210" sl="326" sc="13" el="326" ec="52" bec="0" bev="0" fileid="2" />
                <SequencePoint vc="1" uspid="191" ordinal="21" offset="225" sl="328" sc="13" el="328" ec="60" bec="0" bev="0" fileid="2" />
                <SequencePoint vc="1" uspid="192" ordinal="22" offset="232" sl="329" sc="13" el="329" ec="46" bec="0" bev="0" fileid="2" />
                <SequencePoint vc="1" uspid="193" ordinal="23" offset="242" sl="330" sc="13" el="330" ec="43" bec="0" bev="0" fileid="2" />
                <SequencePoint vc="1" uspid="194" ordinal="24" offset="257" sl="333" sc="13" el="333" ec="112" bec="0" bev="0" fileid="2" />
                <SequencePoint vc="1" uspid="195" ordinal="25" offset="272" sl="336" sc="13" el="336" ec="96" bec="0" bev="0" fileid="2" />
                <SequencePoint vc="1" uspid="196" ordinal="26" offset="317" sl="337" sc="13" el="337" ec="96" bec="0" bev="0" fileid="2" />
                <SequencePoint vc="1" uspid="197" ordinal="27" offset="362" sl="339" sc="13" el="339" ec="104" bec="0" bev="0" fileid="2" />
                <SequencePoint vc="1" uspid="198" ordinal="28" offset="408" sl="340" sc="13" el="340" ec="104" bec="0" bev="0" fileid="2" />
                <SequencePoint vc="1" uspid="199" ordinal="29" offset="454" sl="341" sc="9" el="341" ec="10" bec="0" bev="0" fileid="2" />
              </SequencePoints>
              <BranchPoints />
              <MethodPoint xsi:type="SequencePoint" vc="1" uspid="170" ordinal="0" offset="0" sl="301" sc="9" el="301" ec="10" bec="0" bev="0" fileid="2" />
            </Method>
            <Method visited="true" cyclomaticComplexity="1" nPathComplexity="0" sequenceCoverage="100" branchCoverage="100" crapScore="1" isConstructor="false" isStatic="false" isGetter="false" isSetter="false">
              <Summary numSequencePoints="30" visitedSequencePoints="30" numBranchPoints="1" visitedBranchPoints="1" sequenceCoverage="100" branchCoverage="100" maxCyclomaticComplexity="1" minCyclomaticComplexity="1" maxCrapScore="1" minCrapScore="1" visitedClasses="0" numClasses="0" visitedMethods="1" numMethods="1" />
              <MetadataToken>100663313</MetadataToken>
              <Name>System.Void Tests.GradientEditor.GradientEditorTests::ConvertResultToFormData_CssResultString_ReturnsCorrectRgbaConfiguration()</Name>
              <FileRef uid="2" />
              <SequencePoints>
                <SequencePoint vc="1" uspid="200" ordinal="0" offset="0" sl="345" sc="9" el="345" ec="10" bec="0" bev="0" fileid="2" />
                <SequencePoint vc="1" uspid="201" ordinal="1" offset="1" sl="347" sc="13" el="347" ec="58" bec="0" bev="0" fileid="2" />
                <SequencePoint vc="1" uspid="202" ordinal="2" offset="7" sl="348" sc="13" el="348" ec="112" bec="0" bev="0" fileid="2" />
                <SequencePoint vc="1" uspid="203" ordinal="3" offset="13" sl="349" sc="13" el="349" ec="58" bec="0" bev="0" fileid="2" />
                <SequencePoint vc="1" uspid="204" ordinal="4" offset="19" sl="350" sc="13" el="350" ec="60" bec="0" bev="0" fileid="2" />
                <SequencePoint vc="1" uspid="205" ordinal="5" offset="25" sl="351" sc="13" el="351" ec="44" bec="0" bev="0" fileid="2" />
                <SequencePoint vc="1" uspid="206" ordinal="6" offset="32" sl="352" sc="13" el="352" ec="44" bec="0" bev="0" fileid="2" />
                <SequencePoint vc="1" uspid="207" ordinal="7" offset="39" sl="354" sc="13" el="354" ec="46" bec="0" bev="0" fileid="2" />
                <SequencePoint vc="1" uspid="208" ordinal="8" offset="46" sl="355" sc="13" el="355" ec="40" bec="0" bev="0" fileid="2" />
                <SequencePoint vc="1" uspid="209" ordinal="9" offset="64" sl="356" sc="13" el="356" ec="44" bec="0" bev="0" fileid="2" />
                <SequencePoint vc="1" uspid="210" ordinal="10" offset="77" sl="357" sc="13" el="357" ec="52" bec="0" bev="0" fileid="2" />
                <SequencePoint vc="1" uspid="211" ordinal="11" offset="84" sl="358" sc="13" el="358" ec="49" bec="0" bev="0" fileid="2" />
                <SequencePoint vc="1" uspid="212" ordinal="12" offset="102" sl="359" sc="13" el="359" ec="53" bec="0" bev="0" fileid="2" />
                <SequencePoint vc="1" uspid="213" ordinal="13" offset="115" sl="361" sc="13" el="361" ec="51" bec="0" bev="0" fileid="2" />
                <SequencePoint vc="1" uspid="214" ordinal="14" offset="122" sl="362" sc="13" el="362" ec="56" bec="0" bev="0" fileid="2" />
                <SequencePoint vc="1" uspid="215" ordinal="15" offset="145" sl="363" sc="13" el="363" ec="65" bec="0" bev="0" fileid="2" />
                <SequencePoint vc="1" uspid="216" ordinal="16" offset="168" sl="366" sc="13" el="366" ec="84" bec="0" bev="0" fileid="2" />
                <SequencePoint vc="1" uspid="217" ordinal="17" offset="175" sl="367" sc="13" el="367" ec="48" bec="0" bev="0" fileid="2" />
                <SequencePoint vc="1" uspid="218" ordinal="18" offset="188" sl="368" sc="13" el="368" ec="40" bec="0" bev="0" fileid="2" />
                <SequencePoint vc="1" uspid="219" ordinal="19" offset="201" sl="369" sc="13" el="369" ec="61" bec="0" bev="0" fileid="2" />
                <SequencePoint vc="1" uspid="220" ordinal="20" offset="210" sl="370" sc="13" el="370" ec="52" bec="0" bev="0" fileid="2" />
                <SequencePoint vc="1" uspid="221" ordinal="21" offset="225" sl="372" sc="13" el="372" ec="60" bec="0" bev="0" fileid="2" />
                <SequencePoint vc="1" uspid="222" ordinal="22" offset="232" sl="373" sc="13" el="373" ec="46" bec="0" bev="0" fileid="2" />
                <SequencePoint vc="1" uspid="223" ordinal="23" offset="242" sl="374" sc="13" el="374" ec="43" bec="0" bev="0" fileid="2" />
                <SequencePoint vc="1" uspid="224" ordinal="24" offset="257" sl="377" sc="13" el="377" ec="112" bec="0" bev="0" fileid="2" />
                <SequencePoint vc="1" uspid="225" ordinal="25" offset="272" sl="380" sc="13" el="380" ec="96" bec="0" bev="0" fileid="2" />
                <SequencePoint vc="1" uspid="226" ordinal="26" offset="317" sl="381" sc="13" el="381" ec="96" bec="0" bev="0" fileid="2" />
                <SequencePoint vc="1" uspid="227" ordinal="27" offset="362" sl="383" sc="13" el="383" ec="104" bec="0" bev="0" fileid="2" />
                <SequencePoint vc="1" uspid="228" ordinal="28" offset="408" sl="384" sc="13" el="384" ec="104" bec="0" bev="0" fileid="2" />
                <SequencePoint vc="1" uspid="229" ordinal="29" offset="454" sl="385" sc="9" el="385" ec="10" bec="0" bev="0" fileid="2" />
              </SequencePoints>
              <BranchPoints />
              <MethodPoint xsi:type="SequencePoint" vc="1" uspid="200" ordinal="0" offset="0" sl="345" sc="9" el="345" ec="10" bec="0" bev="0" fileid="2" />
            </Method>
            <Method visited="false" cyclomaticComplexity="1" nPathComplexity="0" sequenceCoverage="0" branchCoverage="0" crapScore="2" isConstructor="true" isStatic="false" isGetter="false" isSetter="false">
              <Summary numSequencePoints="0" visitedSequencePoints="0" numBranchPoints="0" visitedBranchPoints="0" sequenceCoverage="0" branchCoverage="0" maxCyclomaticComplexity="1" minCyclomaticComplexity="1" maxCrapScore="2" minCrapScore="2" visitedClasses="0" numClasses="0" visitedMethods="0" numMethods="0" />
              <MetadataToken>100663314</MetadataToken>
              <Name>System.Void Tests.GradientEditor.GradientEditorTests::.ctor()</Name>
              <SequencePoints />
              <BranchPoints />
              <MethodPoint vc="0" uspid="230" ordinal="0" offset="0" />
            </Method>
          </Methods>
        </Class>
      </Classes>
    </Module>
    <Module hash="14-5B-D1-6E-88-A9-1A-A3-1E-4B-57-98-3C-ED-4A-07-D6-A5-53-D5">
      <Summary numSequencePoints="513" visitedSequencePoints="140" numBranchPoints="103" visitedBranchPoints="30" sequenceCoverage="27.29" branchCoverage="29.13" maxCyclomaticComplexity="13" minCyclomaticComplexity="1" maxCrapScore="56" minCrapScore="1" visitedClasses="1" numClasses="4" visitedMethods="11" numMethods="37" />
      <ModulePath>C:\Users\meshm\OneDrive\Desktop\gitRepoB&amp;R\Tests\bin\Debug\fine-code-coverage\build-output\gradientEditor.exe</ModulePath>
      <ModuleTime>2024-02-28T12:10:31.2587437Z</ModuleTime>
      <ModuleName>gradientEditor</ModuleName>
      <Files>
        <File uid="5" fullPath="C:\Users\meshm\OneDrive\Desktop\gitRepoB&amp;R\gradientEditor\formTest.cs" />
        <File uid="6" fullPath="C:\Users\meshm\OneDrive\Desktop\gitRepoB&amp;R\gradientEditor\formTest.Designer.cs" />
        <File uid="7" fullPath="C:\Users\meshm\OneDrive\Desktop\gitRepoB&amp;R\gradientEditor\frmAlert.Designer.cs" />
        <File uid="8" fullPath="C:\Users\meshm\OneDrive\Desktop\gitRepoB&amp;R\gradientEditor\frmAlert.cs" />
        <File uid="9" fullPath="C:\Users\meshm\OneDrive\Desktop\gitRepoB&amp;R\gradientEditor\Program.cs" />
        <File uid="10" fullPath="C:\Users\meshm\OneDrive\Desktop\gitRepoB&amp;R\gradientEditor\Helpers\ColorHelper.cs" />
      </Files>
      <Classes>
        <Class>
          <Summary numSequencePoints="323" visitedSequencePoints="0" numBranchPoints="59" visitedBranchPoints="0" sequenceCoverage="0" branchCoverage="0" maxCyclomaticComplexity="7" minCyclomaticComplexity="1" maxCrapScore="56" minCrapScore="2" visitedClasses="0" numClasses="1" visitedMethods="0" numMethods="21" />
          <FullName>gradientEditor.formTest</FullName>
          <Methods>
            <Method visited="false" cyclomaticComplexity="1" nPathComplexity="0" sequenceCoverage="0" branchCoverage="0" crapScore="2" isConstructor="true" isStatic="false" isGetter="false" isSetter="false">
              <Summary numSequencePoints="12" visitedSequencePoints="0" numBranchPoints="1" visitedBranchPoints="0" sequenceCoverage="0" branchCoverage="0" maxCyclomaticComplexity="1" minCyclomaticComplexity="1" maxCrapScore="2" minCrapScore="2" visitedClasses="0" numClasses="0" visitedMethods="0" numMethods="1" />
              <MetadataToken>100663297</MetadataToken>
              <Name>System.Void gradientEditor.formTest::.ctor(gradientEditor.Helpers.IColorHelper)</Name>
              <FileRef uid="5" />
              <SequencePoints>
                <SequencePoint vc="0" uspid="231" ordinal="0" offset="0" sl="12" sc="9" el="12" ec="41" bec="0" bev="0" fileid="5" />
                <SequencePoint vc="0" uspid="232" ordinal="1" offset="7" sl="13" sc="9" el="13" ec="68" bec="0" bev="0" fileid="6" />
                <SequencePoint vc="0" uspid="233" ordinal="2" offset="14" sl="15" sc="9" el="15" ec="50" bec="0" bev="0" fileid="5" />
                <SequencePoint vc="0" uspid="234" ordinal="3" offset="21" sl="16" sc="9" el="16" ec="10" bec="0" bev="0" fileid="5" />
                <SequencePoint vc="0" uspid="235" ordinal="4" offset="22" sl="17" sc="13" el="17" ec="35" bec="0" bev="0" fileid="5" />
                <SequencePoint vc="0" uspid="236" ordinal="5" offset="29" sl="18" sc="13" el="18" ec="40" bec="0" bev="0" fileid="5" />
                <SequencePoint vc="0" uspid="237" ordinal="6" offset="36" sl="19" sc="13" el="19" ec="38" bec="0" bev="0" fileid="5" />
                <SequencePoint vc="0" uspid="238" ordinal="7" offset="43" sl="20" sc="13" el="20" ec="43" bec="0" bev="0" fileid="5" />
                <SequencePoint vc="0" uspid="239" ordinal="8" offset="50" sl="21" sc="13" el="21" ec="38" bec="0" bev="0" fileid="5" />
                <SequencePoint vc="0" uspid="240" ordinal="9" offset="57" sl="22" sc="13" el="22" ec="45" bec="0" bev="0" fileid="5" />
                <SequencePoint vc="0" uspid="241" ordinal="10" offset="64" sl="23" sc="13" el="23" ec="141" bec="0" bev="0" fileid="5" />
                <SequencePoint vc="0" uspid="242" ordinal="11" offset="97" sl="24" sc="9" el="24" ec="10" bec="0" bev="0" fileid="5" />
              </SequencePoints>
              <BranchPoints />
              <MethodPoint xsi:type="SequencePoint" vc="0" uspid="231" ordinal="0" offset="0" sl="12" sc="9" el="12" ec="41" bec="0" bev="0" fileid="5" />
            </Method>
            <Method visited="false" cyclomaticComplexity="1" nPathComplexity="0" sequenceCoverage="0" branchCoverage="0" crapScore="2" isConstructor="false" isStatic="false" isGetter="false" isSetter="false">
              <Summary numSequencePoints="3" visitedSequencePoints="0" numBranchPoints="1" visitedBranchPoints="0" sequenceCoverage="0" branchCoverage="0" maxCyclomaticComplexity="1" minCyclomaticComplexity="1" maxCrapScore="2" minCrapScore="2" visitedClasses="0" numClasses="0" visitedMethods="0" numMethods="1" />
              <MetadataToken>100663298</MetadataToken>
              <Name>System.Void gradientEditor.formTest::InitializeRadioBtnColorFormat()</Name>
              <FileRef uid="5" />
              <SequencePoints>
                <SequencePoint vc="0" uspid="243" ordinal="0" offset="0" sl="27" sc="9" el="27" ec="10" bec="0" bev="0" fileid="5" />
                <SequencePoint vc="0" uspid="244" ordinal="1" offset="1" sl="28" sc="13" el="28" ec="40" bec="0" bev="0" fileid="5" />
                <SequencePoint vc="0" uspid="245" ordinal="2" offset="14" sl="29" sc="9" el="29" ec="10" bec="0" bev="0" fileid="5" />
              </SequencePoints>
              <BranchPoints />
              <MethodPoint xsi:type="SequencePoint" vc="0" uspid="243" ordinal="0" offset="0" sl="27" sc="9" el="27" ec="10" bec="0" bev="0" fileid="5" />
            </Method>
            <Method visited="false" cyclomaticComplexity="1" nPathComplexity="0" sequenceCoverage="0" branchCoverage="0" crapScore="2" isConstructor="false" isStatic="false" isGetter="false" isSetter="false">
              <Summary numSequencePoints="3" visitedSequencePoints="0" numBranchPoints="1" visitedBranchPoints="0" sequenceCoverage="0" branchCoverage="0" maxCyclomaticComplexity="1" minCyclomaticComplexity="1" maxCrapScore="2" minCrapScore="2" visitedClasses="0" numClasses="0" visitedMethods="0" numMethods="1" />
              <MetadataToken>100663299</MetadataToken>
              <Name>System.Void gradientEditor.formTest::InitializeComboBoxDirection()</Name>
              <FileRef uid="5" />
              <SequencePoints>
                <SequencePoint vc="0" uspid="246" ordinal="0" offset="0" sl="32" sc="9" el="32" ec="10" bec="0" bev="0" fileid="5" />
                <SequencePoint vc="0" uspid="247" ordinal="1" offset="1" sl="33" sc="13" el="33" ec="69" bec="0" bev="0" fileid="5" />
                <SequencePoint vc="0" uspid="248" ordinal="2" offset="14" sl="34" sc="9" el="34" ec="10" bec="0" bev="0" fileid="5" />
              </SequencePoints>
              <BranchPoints />
              <MethodPoint xsi:type="SequencePoint" vc="0" uspid="246" ordinal="0" offset="0" sl="32" sc="9" el="32" ec="10" bec="0" bev="0" fileid="5" />
            </Method>
            <Method visited="false" cyclomaticComplexity="1" nPathComplexity="0" sequenceCoverage="0" branchCoverage="0" crapScore="2" isConstructor="false" isStatic="false" isGetter="false" isSetter="false">
              <Summary numSequencePoints="5" visitedSequencePoints="0" numBranchPoints="1" visitedBranchPoints="0" sequenceCoverage="0" branchCoverage="0" maxCyclomaticComplexity="1" minCyclomaticComplexity="1" maxCrapScore="2" minCrapScore="2" visitedClasses="0" numClasses="0" visitedMethods="0" numMethods="1" />
              <MetadataToken>100663300</MetadataToken>
              <Name>System.Void gradientEditor.formTest::InitializeComboBoxType()</Name>
              <FileRef uid="5" />
              <SequencePoints>
                <SequencePoint vc="0" uspid="249" ordinal="0" offset="0" sl="37" sc="9" el="37" ec="10" bec="0" bev="0" fileid="5" />
                <SequencePoint vc="0" uspid="250" ordinal="1" offset="1" sl="38" sc="13" el="38" ec="63" bec="0" bev="0" fileid="5" />
                <SequencePoint vc="0" uspid="251" ordinal="2" offset="14" sl="39" sc="13" el="39" ec="72" bec="0" bev="0" fileid="5" />
                <SequencePoint vc="0" uspid="252" ordinal="3" offset="53" sl="40" sc="13" el="40" ec="38" bec="0" bev="0" fileid="5" />
                <SequencePoint vc="0" uspid="253" ordinal="4" offset="66" sl="41" sc="9" el="41" ec="10" bec="0" bev="0" fileid="5" />
              </SequencePoints>
              <BranchPoints />
              <MethodPoint xsi:type="SequencePoint" vc="0" uspid="249" ordinal="0" offset="0" sl="37" sc="9" el="37" ec="10" bec="0" bev="0" fileid="5" />
            </Method>
            <Method visited="false" cyclomaticComplexity="1" nPathComplexity="0" sequenceCoverage="0" branchCoverage="0" crapScore="2" isConstructor="false" isStatic="false" isGetter="false" isSetter="false">
              <Summary numSequencePoints="19" visitedSequencePoints="0" numBranchPoints="1" visitedBranchPoints="0" sequenceCoverage="0" branchCoverage="0" maxCyclomaticComplexity="1" minCyclomaticComplexity="1" maxCrapScore="2" minCrapScore="2" visitedClasses="0" numClasses="0" visitedMethods="0" numMethods="1" />
              <MetadataToken>100663301</MetadataToken>
              <Name>System.Void gradientEditor.formTest::InitializeDataGridView()</Name>
              <FileRef uid="5" />
              <SequencePoints>
                <SequencePoint vc="0" uspid="254" ordinal="0" offset="0" sl="44" sc="9" el="44" ec="10" bec="0" bev="0" fileid="5" />
                <SequencePoint vc="0" uspid="255" ordinal="1" offset="1" sl="45" sc="13" el="45" ec="57" bec="0" bev="0" fileid="5" />
                <SequencePoint vc="0" uspid="256" ordinal="2" offset="28" sl="46" sc="13" el="46" ec="66" bec="0" bev="0" fileid="5" />
                <SequencePoint vc="0" uspid="257" ordinal="3" offset="55" sl="49" sc="13" el="49" ec="84" bec="0" bev="0" fileid="5" />
                <SequencePoint vc="0" uspid="258" ordinal="4" offset="61" sl="50" sc="13" el="50" ec="48" bec="0" bev="0" fileid="5" />
                <SequencePoint vc="0" uspid="259" ordinal="5" offset="73" sl="51" sc="13" el="51" ec="40" bec="0" bev="0" fileid="5" />
                <SequencePoint vc="0" uspid="260" ordinal="6" offset="85" sl="52" sc="13" el="52" ec="61" bec="0" bev="0" fileid="5" />
                <SequencePoint vc="0" uspid="261" ordinal="7" offset="93" sl="53" sc="13" el="53" ec="53" bec="0" bev="0" fileid="5" />
                <SequencePoint vc="0" uspid="262" ordinal="8" offset="111" sl="56" sc="13" el="56" ec="54" bec="0" bev="0" fileid="5" />
                <SequencePoint vc="0" uspid="263" ordinal="9" offset="124" sl="59" sc="13" el="59" ec="64" bec="0" bev="0" fileid="5" />
                <SequencePoint vc="0" uspid="264" ordinal="10" offset="148" sl="60" sc="13" el="60" ec="78" bec="0" bev="0" fileid="5" />
                <SequencePoint vc="0" uspid="265" ordinal="11" offset="172" sl="62" sc="13" el="62" ec="52" bec="0" bev="0" fileid="5" />
                <SequencePoint vc="0" uspid="266" ordinal="12" offset="185" sl="64" sc="13" el="64" ec="70" bec="0" bev="0" fileid="5" />
                <SequencePoint vc="0" uspid="267" ordinal="13" offset="209" sl="67" sc="13" el="67" ec="60" bec="0" bev="0" fileid="5" />
                <SequencePoint vc="0" uspid="268" ordinal="14" offset="215" sl="68" sc="13" el="68" ec="47" bec="0" bev="0" fileid="5" />
                <SequencePoint vc="0" uspid="269" ordinal="15" offset="228" sl="69" sc="13" el="69" ec="44" bec="0" bev="0" fileid="5" />
                <SequencePoint vc="0" uspid="270" ordinal="16" offset="246" sl="72" sc="13" el="72" ec="60" bec="0" bev="0" fileid="5" />
                <SequencePoint vc="0" uspid="271" ordinal="17" offset="259" sl="74" sc="13" el="74" ec="33" bec="0" bev="0" fileid="5" />
                <SequencePoint vc="0" uspid="272" ordinal="18" offset="276" sl="75" sc="9" el="75" ec="10" bec="0" bev="0" fileid="5" />
              </SequencePoints>
              <BranchPoints />
              <MethodPoint xsi:type="SequencePoint" vc="0" uspid="254" ordinal="0" offset="0" sl="44" sc="9" el="44" ec="10" bec="0" bev="0" fileid="5" />
            </Method>
            <Method visited="false" cyclomaticComplexity="7" nPathComplexity="32" sequenceCoverage="0" branchCoverage="0" crapScore="56" isConstructor="false" isStatic="false" isGetter="false" isSetter="false">
              <Summary numSequencePoints="23" visitedSequencePoints="0" numBranchPoints="11" visitedBranchPoints="0" sequenceCoverage="0" branchCoverage="0" maxCyclomaticComplexity="7" minCyclomaticComplexity="7" maxCrapScore="56" minCrapScore="56" visitedClasses="0" numClasses="0" visitedMethods="0" numMethods="1" />
              <MetadataToken>100663302</MetadataToken>
              <Name>System.Void gradientEditor.formTest::dataGridView1_CellClick(System.Object,System.Windows.Forms.DataGridViewCellEventArgs)</Name>
              <FileRef uid="5" />
              <SequencePoints>
                <SequencePoint vc="0" uspid="273" ordinal="0" offset="0" sl="78" sc="9" el="78" ec="10" bec="0" bev="0" fileid="5" />
                <SequencePoint vc="0" uspid="274" ordinal="1" offset="1" sl="80" sc="13" el="80" ec="97" bec="4" bev="0" fileid="5" />
                <SequencePoint vc="0" uspid="275" ordinal="2" offset="57" sl="81" sc="13" el="81" ec="14" bec="0" bev="0" fileid="5" />
                <SequencePoint vc="0" uspid="276" ordinal="3" offset="58" sl="82" sc="17" el="82" ec="58" bec="0" bev="0" fileid="5" />
                <SequencePoint vc="0" uspid="277" ordinal="4" offset="64" sl="84" sc="17" el="84" ec="48" bec="0" bev="0" fileid="5" />
                <SequencePoint vc="0" uspid="278" ordinal="5" offset="72" sl="86" sc="17" el="86" ec="42" bec="0" bev="0" fileid="5" />
                <SequencePoint vc="0" uspid="279" ordinal="6" offset="80" sl="89" sc="17" el="89" ec="37" bec="0" bev="0" fileid="5" />
                <SequencePoint vc="0" uspid="280" ordinal="7" offset="86" sl="90" sc="17" el="90" ec="62" bec="2" bev="0" fileid="5" />
                <SequencePoint vc="0" uspid="281" ordinal="8" offset="101" sl="91" sc="17" el="91" ec="18" bec="0" bev="0" fileid="5" />
                <SequencePoint vc="0" uspid="282" ordinal="9" offset="102" sl="93" sc="21" el="93" ec="45" bec="2" bev="0" fileid="5" />
                <SequencePoint vc="0" uspid="283" ordinal="10" offset="119" sl="94" sc="21" el="94" ec="22" bec="0" bev="0" fileid="5" />
                <SequencePoint vc="0" uspid="284" ordinal="11" offset="120" sl="95" sc="25" el="95" ec="95" bec="0" bev="0" fileid="5" />
                <SequencePoint vc="0" uspid="285" ordinal="12" offset="166" sl="96" sc="21" el="96" ec="22" bec="0" bev="0" fileid="5" />
                <SequencePoint vc="0" uspid="286" ordinal="13" offset="169" sl="98" sc="21" el="98" ec="22" bec="0" bev="0" fileid="5" />
                <SequencePoint vc="0" uspid="287" ordinal="14" offset="170" sl="99" sc="25" el="99" ec="83" bec="0" bev="0" fileid="5" />
                <SequencePoint vc="0" uspid="288" ordinal="15" offset="188" sl="100" sc="21" el="100" ec="22" bec="0" bev="0" fileid="5" />
                <SequencePoint vc="0" uspid="289" ordinal="16" offset="189" sl="101" sc="17" el="101" ec="18" bec="0" bev="0" fileid="5" />
                <SequencePoint vc="0" uspid="290" ordinal="17" offset="190" sl="104" sc="17" el="104" ec="79" bec="0" bev="0" fileid="5" />
                <SequencePoint vc="0" uspid="291" ordinal="18" offset="234" sl="105" sc="17" el="105" ec="96" bec="0" bev="0" fileid="5" />
                <SequencePoint vc="0" uspid="292" ordinal="19" offset="288" sl="109" sc="17" el="109" ec="92" bec="0" bev="0" fileid="5" />
                <SequencePoint vc="0" uspid="293" ordinal="20" offset="331" sl="110" sc="17" el="111" ec="65" bec="2" bev="0" fileid="5" />
                <SequencePoint vc="0" uspid="294" ordinal="21" offset="385" sl="112" sc="13" el="112" ec="14" bec="0" bev="0" fileid="5" />
                <SequencePoint vc="0" uspid="295" ordinal="22" offset="386" sl="113" sc="9" el="113" ec="10" bec="0" bev="0" fileid="5" />
              </SequencePoints>
              <BranchPoints>
                <BranchPoint vc="0" uspid="296" ordinal="0" offset="33" sl="80" path="0" offsetend="35" fileid="5" />
                <BranchPoint vc="0" uspid="297" ordinal="1" offset="33" sl="80" path="1" offsetend="49" fileid="5" />
                <BranchPoint vc="0" uspid="298" ordinal="2" offset="52" sl="80" path="0" offsetend="57" fileid="5" />
                <BranchPoint vc="0" uspid="299" ordinal="3" offset="52" sl="80" path="1" offsetend="386" fileid="5" />
                <BranchPoint vc="0" uspid="300" ordinal="4" offset="99" sl="90" path="0" offsetend="101" fileid="5" />
                <BranchPoint vc="0" uspid="301" ordinal="5" offset="99" sl="90" path="1" offsetend="190" fileid="5" />
                <BranchPoint vc="0" uspid="302" ordinal="6" offset="117" sl="93" path="0" offsetend="119" fileid="5" />
                <BranchPoint vc="0" uspid="303" ordinal="7" offset="117" sl="93" path="1" offsetend="169" fileid="5" />
                <BranchPoint vc="0" uspid="304" ordinal="8" offset="369" sl="110" path="0" offsetend="371" fileid="5" />
                <BranchPoint vc="0" uspid="305" ordinal="9" offset="369" sl="110" path="1" offsetend="374" fileid="5" />
              </BranchPoints>
              <MethodPoint xsi:type="SequencePoint" vc="0" uspid="273" ordinal="0" offset="0" sl="78" sc="9" el="78" ec="10" bec="0" bev="0" fileid="5" />
            </Method>
            <Method visited="false" cyclomaticComplexity="3" nPathComplexity="4" sequenceCoverage="0" branchCoverage="0" crapScore="12" isConstructor="false" isStatic="false" isGetter="false" isSetter="false">
              <Summary numSequencePoints="17" visitedSequencePoints="0" numBranchPoints="5" visitedBranchPoints="0" sequenceCoverage="0" branchCoverage="0" maxCyclomaticComplexity="3" minCyclomaticComplexity="3" maxCrapScore="12" minCrapScore="12" visitedClasses="0" numClasses="0" visitedMethods="0" numMethods="1" />
              <MetadataToken>100663303</MetadataToken>
              <Name>System.Void gradientEditor.formTest::dataGridView1_CellValueChanged(System.Object,System.Windows.Forms.DataGridViewCellEventArgs)</Name>
              <FileRef uid="5" />
              <SequencePoints>
                <SequencePoint vc="0" uspid="306" ordinal="0" offset="0" sl="116" sc="9" el="116" ec="10" bec="0" bev="0" fileid="5" />
                <SequencePoint vc="0" uspid="307" ordinal="1" offset="1" sl="117" sc="13" el="117" ec="33" bec="0" bev="0" fileid="5" />
                <SequencePoint vc="0" uspid="308" ordinal="2" offset="8" sl="118" sc="13" el="118" ec="96" bec="2" bev="0" fileid="5" />
                <SequencePoint vc="0" uspid="309" ordinal="3" offset="68" sl="119" sc="13" el="119" ec="14" bec="0" bev="0" fileid="5" />
                <SequencePoint vc="0" uspid="310" ordinal="4" offset="69" sl="120" sc="17" el="120" ec="74" bec="0" bev="0" fileid="5" />
                <SequencePoint vc="0" uspid="311" ordinal="5" offset="117" sl="121" sc="17" el="121" ec="78" bec="0" bev="0" fileid="5" />
                <SequencePoint vc="0" uspid="312" ordinal="6" offset="165" sl="123" sc="17" el="123" ec="29" bec="0" bev="0" fileid="5" />
                <SequencePoint vc="0" uspid="313" ordinal="7" offset="172" sl="124" sc="17" el="124" ec="24" bec="0" bev="0" fileid="5" />
                <SequencePoint vc="0" uspid="314" ordinal="8" offset="174" sl="126" sc="13" el="126" ec="33" bec="0" bev="0" fileid="5" />
                <SequencePoint vc="0" uspid="315" ordinal="9" offset="181" sl="127" sc="13" el="127" ec="60" bec="2" bev="0" fileid="5" />
                <SequencePoint vc="0" uspid="316" ordinal="10" offset="211" sl="128" sc="13" el="128" ec="14" bec="0" bev="0" fileid="5" />
                <SequencePoint vc="0" uspid="317" ordinal="11" offset="212" sl="130" sc="17" el="130" ec="64" bec="0" bev="0" fileid="5" />
                <SequencePoint vc="0" uspid="318" ordinal="12" offset="218" sl="131" sc="17" el="131" ec="51" bec="0" bev="0" fileid="5" />
                <SequencePoint vc="0" uspid="319" ordinal="13" offset="231" sl="132" sc="17" el="132" ec="48" bec="0" bev="0" fileid="5" />
                <SequencePoint vc="0" uspid="320" ordinal="14" offset="249" sl="133" sc="13" el="133" ec="14" bec="0" bev="0" fileid="5" />
                <SequencePoint vc="0" uspid="321" ordinal="15" offset="250" sl="136" sc="13" el="136" ec="41" bec="0" bev="0" fileid="5" />
                <SequencePoint vc="0" uspid="322" ordinal="16" offset="263" sl="137" sc="9" el="137" ec="10" bec="0" bev="0" fileid="5" />
              </SequencePoints>
              <BranchPoints>
                <BranchPoint vc="0" uspid="323" ordinal="0" offset="66" sl="118" path="0" offsetend="68" fileid="5" />
                <BranchPoint vc="0" uspid="324" ordinal="1" offset="66" sl="118" path="1" offsetend="174" fileid="5" />
                <BranchPoint vc="0" uspid="325" ordinal="2" offset="209" sl="127" path="0" offsetend="211" fileid="5" />
                <BranchPoint vc="0" uspid="326" ordinal="3" offset="209" sl="127" path="1" offsetend="250" fileid="5" />
              </BranchPoints>
              <MethodPoint xsi:type="SequencePoint" vc="0" uspid="306" ordinal="0" offset="0" sl="116" sc="9" el="116" ec="10" bec="0" bev="0" fileid="5" />
            </Method>
            <Method visited="false" cyclomaticComplexity="2" nPathComplexity="0" sequenceCoverage="0" branchCoverage="0" crapScore="6" isConstructor="false" isStatic="false" isGetter="false" isSetter="false">
              <Summary numSequencePoints="6" visitedSequencePoints="0" numBranchPoints="1" visitedBranchPoints="0" sequenceCoverage="0" branchCoverage="0" maxCyclomaticComplexity="2" minCyclomaticComplexity="2" maxCrapScore="6" minCrapScore="6" visitedClasses="0" numClasses="0" visitedMethods="0" numMethods="1" />
              <MetadataToken>100663304</MetadataToken>
              <Name>System.Void gradientEditor.formTest::dataGridView1_RowPostPaint(System.Object,System.Windows.Forms.DataGridViewRowPostPaintEventArgs)</Name>
              <FileRef uid="5" />
              <SequencePoints>
                <SequencePoint vc="0" uspid="327" ordinal="0" offset="0" sl="140" sc="9" el="140" ec="10" bec="0" bev="0" fileid="5" />
                <SequencePoint vc="0" uspid="328" ordinal="1" offset="1" sl="143" sc="20" el="143" ec="105" bec="0" bev="0" fileid="5" />
                <SequencePoint vc="0" uspid="329" ordinal="2" offset="23" sl="144" sc="13" el="144" ec="14" bec="0" bev="0" fileid="5" />
                <SequencePoint vc="0" uspid="330" ordinal="3" offset="24" sl="145" sc="17" el="145" ec="158" bec="0" bev="0" fileid="5" />
                <SequencePoint vc="0" uspid="331" ordinal="4" offset="115" sl="146" sc="13" el="146" ec="14" bec="0" bev="0" fileid="5" />
                <SequencePoint vc="0" uspid="332" ordinal="5" offset="129" sl="147" sc="9" el="147" ec="10" bec="0" bev="0" fileid="5" />
              </SequencePoints>
              <BranchPoints />
              <MethodPoint xsi:type="SequencePoint" vc="0" uspid="327" ordinal="0" offset="0" sl="140" sc="9" el="140" ec="10" bec="0" bev="0" fileid="5" />
            </Method>
            <Method visited="false" cyclomaticComplexity="1" nPathComplexity="0" sequenceCoverage="0" branchCoverage="0" crapScore="2" isConstructor="false" isStatic="false" isGetter="false" isSetter="false">
              <Summary numSequencePoints="6" visitedSequencePoints="0" numBranchPoints="1" visitedBranchPoints="0" sequenceCoverage="0" branchCoverage="0" maxCyclomaticComplexity="1" minCyclomaticComplexity="1" maxCrapScore="2" minCrapScore="2" visitedClasses="0" numClasses="0" visitedMethods="0" numMethods="1" />
              <MetadataToken>100663305</MetadataToken>
              <Name>System.Void gradientEditor.formTest::FormatResult(System.Windows.Forms.DataGridView)</Name>
              <FileRef uid="5" />
              <SequencePoints>
                <SequencePoint vc="0" uspid="333" ordinal="0" offset="0" sl="150" sc="9" el="150" ec="10" bec="0" bev="0" fileid="5" />
                <SequencePoint vc="0" uspid="334" ordinal="1" offset="1" sl="151" sc="13" el="151" ec="69" bec="0" bev="0" fileid="5" />
                <SequencePoint vc="0" uspid="335" ordinal="2" offset="23" sl="152" sc="13" el="152" ec="71" bec="0" bev="0" fileid="5" />
                <SequencePoint vc="0" uspid="336" ordinal="3" offset="45" sl="154" sc="13" el="154" ec="115" bec="0" bev="0" fileid="5" />
                <SequencePoint vc="0" uspid="337" ordinal="4" offset="60" sl="156" sc="13" el="156" ec="45" bec="0" bev="0" fileid="5" />
                <SequencePoint vc="0" uspid="338" ordinal="5" offset="73" sl="157" sc="9" el="157" ec="10" bec="0" bev="0" fileid="5" />
              </SequencePoints>
              <BranchPoints />
              <MethodPoint xsi:type="SequencePoint" vc="0" uspid="333" ordinal="0" offset="0" sl="150" sc="9" el="150" ec="10" bec="0" bev="0" fileid="5" />
            </Method>
            <Method visited="false" cyclomaticComplexity="2" nPathComplexity="2" sequenceCoverage="0" branchCoverage="0" crapScore="6" isConstructor="false" isStatic="false" isGetter="false" isSetter="false">
              <Summary numSequencePoints="14" visitedSequencePoints="0" numBranchPoints="3" visitedBranchPoints="0" sequenceCoverage="0" branchCoverage="0" maxCyclomaticComplexity="2" minCyclomaticComplexity="2" maxCrapScore="6" minCrapScore="6" visitedClasses="0" numClasses="0" visitedMethods="0" numMethods="1" />
              <MetadataToken>100663306</MetadataToken>
              <Name>System.Void gradientEditor.formTest::cbType_SelectedIndexChanged(System.Object,System.EventArgs)</Name>
              <FileRef uid="5" />
              <SequencePoints>
                <SequencePoint vc="0" uspid="339" ordinal="0" offset="0" sl="160" sc="9" el="160" ec="10" bec="0" bev="0" fileid="5" />
                <SequencePoint vc="0" uspid="340" ordinal="1" offset="1" sl="161" sc="13" el="161" ec="60" bec="2" bev="0" fileid="5" />
                <SequencePoint vc="0" uspid="341" ordinal="2" offset="31" sl="162" sc="13" el="162" ec="14" bec="0" bev="0" fileid="5" />
                <SequencePoint vc="0" uspid="342" ordinal="3" offset="32" sl="163" sc="17" el="163" ec="44" bec="0" bev="0" fileid="5" />
                <SequencePoint vc="0" uspid="343" ordinal="4" offset="49" sl="164" sc="17" el="165" ec="110" bec="0" bev="0" fileid="5" />
                <SequencePoint vc="0" uspid="344" ordinal="5" offset="136" sl="166" sc="17" el="166" ec="48" bec="0" bev="0" fileid="5" />
                <SequencePoint vc="0" uspid="345" ordinal="6" offset="149" sl="167" sc="13" el="167" ec="14" bec="0" bev="0" fileid="5" />
                <SequencePoint vc="0" uspid="346" ordinal="7" offset="155" sl="169" sc="13" el="169" ec="14" bec="0" bev="0" fileid="5" />
                <SequencePoint vc="0" uspid="347" ordinal="8" offset="156" sl="170" sc="17" el="170" ec="44" bec="0" bev="0" fileid="5" />
                <SequencePoint vc="0" uspid="348" ordinal="9" offset="173" sl="171" sc="17" el="173" ec="69" bec="0" bev="0" fileid="5" />
                <SequencePoint vc="0" uspid="349" ordinal="10" offset="269" sl="174" sc="17" el="174" ec="48" bec="0" bev="0" fileid="5" />
                <SequencePoint vc="0" uspid="350" ordinal="11" offset="282" sl="175" sc="13" el="175" ec="14" bec="0" bev="0" fileid="5" />
                <SequencePoint vc="0" uspid="351" ordinal="12" offset="283" sl="176" sc="13" el="176" ec="41" bec="0" bev="0" fileid="5" />
                <SequencePoint vc="0" uspid="352" ordinal="13" offset="296" sl="177" sc="9" el="177" ec="10" bec="0" bev="0" fileid="5" />
              </SequencePoints>
              <BranchPoints>
[...]
              <MetadataToken>100663336</MetadataToken>
              <Name>System.String gradientEditor.Helpers.ColorHelper::ConvertColorFromRgbaToHex(System.String)</Name>
              <FileRef uid="10" />
              <SequencePoints>
                <SequencePoint vc="1" uspid="710" ordinal="0" offset="0" sl="97" sc="9" el="97" ec="10" bec="0" bev="0" fileid="10" />
                <SequencePoint vc="1" uspid="711" ordinal="1" offset="1" sl="98" sc="13" el="98" ec="60" bec="0" bev="0" fileid="10" />
                <SequencePoint vc="1" uspid="712" ordinal="2" offset="9" sl="99" sc="13" el="99" ec="58" bec="0" bev="0" fileid="10" />
                <SequencePoint vc="1" uspid="713" ordinal="3" offset="17" sl="100" sc="13" el="100" ec="29" bec="0" bev="0" fileid="10" />
                <SequencePoint vc="1" uspid="714" ordinal="4" offset="21" sl="101" sc="9" el="101" ec="10" bec="0" bev="0" fileid="10" />
              </SequencePoints>
              <BranchPoints />
              <MethodPoint xsi:type="SequencePoint" vc="1" uspid="710" ordinal="0" offset="0" sl="97" sc="9" el="97" ec="10" bec="0" bev="0" fileid="10" />
            </Method>
            <Method visited="true" cyclomaticComplexity="1" nPathComplexity="0" sequenceCoverage="100" branchCoverage="100" crapScore="1" isConstructor="false" isStatic="false" isGetter="false" isSetter="false">
              <Summary numSequencePoints="4" visitedSequencePoints="4" numBranchPoints="1" visitedBranchPoints="1" sequenceCoverage="100" branchCoverage="100" maxCyclomaticComplexity="1" minCyclomaticComplexity="1" maxCrapScore="1" minCrapScore="1" visitedClasses="0" numClasses="0" visitedMethods="1" numMethods="1" />
              <MetadataToken>100663337</MetadataToken>
              <Name>System.Boolean gradientEditor.Helpers.ColorHelper::IsValidHexColor(System.String)</Name>
              <FileRef uid="10" />
              <SequencePoints>
                <SequencePoint vc="2" uspid="715" ordinal="0" offset="0" sl="104" sc="9" el="104" ec="10" bec="0" bev="0" fileid="10" />
                <SequencePoint vc="2" uspid="716" ordinal="1" offset="1" sl="106" sc="13" el="106" ec="72" bec="0" bev="0" fileid="10" />
                <SequencePoint vc="2" uspid="717" ordinal="2" offset="7" sl="109" sc="13" el="109" ec="56" bec="0" bev="0" fileid="10" />
                <SequencePoint vc="2" uspid="718" ordinal="3" offset="17" sl="110" sc="9" el="110" ec="10" bec="0" bev="0" fileid="10" />
              </SequencePoints>
              <BranchPoints />
              <MethodPoint xsi:type="SequencePoint" vc="2" uspid="715" ordinal="0" offset="0" sl="104" sc="9" el="104" ec="10" bec="0" bev="0" fileid="10" />
            </Method>
            <Method visited="true" cyclomaticComplexity="1" nPathComplexity="0" sequenceCoverage="100" branchCoverage="100" crapScore="1" isConstructor="false" isStatic="false" isGetter="false" isSetter="false">
              <Summary numSequencePoints="4" visitedSequencePoints="4" numBranchPoints="1" visitedBranchPoints="1" sequenceCoverage="100" branchCoverage="100" maxCyclomaticComplexity="1" minCyclomaticComplexity="1" maxCrapScore="1" minCrapScore="1" visitedClasses="0" numClasses="0" visitedMethods="1" numMethods="1" />
              <MetadataToken>100663338</MetadataToken>
              <Name>System.Boolean gradientEditor.Helpers.ColorHelper::IsValidRGBAColor(System.String)</Name>
              <FileRef uid="10" />
              <SequencePoints>
                <SequencePoint vc="2" uspid="719" ordinal="0" offset="0" sl="113" sc="9" el="113" ec="10" bec="0" bev="0" fileid="10" />
                <SequencePoint vc="2" uspid="720" ordinal="1" offset="1" sl="115" sc="13" el="115" ec="97" bec="0" bev="0" fileid="10" />
                <SequencePoint vc="2" uspid="721" ordinal="2" offset="7" sl="118" sc="13" el="118" ec="58" bec="0" bev="0" fileid="10" />
                <SequencePoint vc="2" uspid="722" ordinal="3" offset="17" sl="119" sc="9" el="119" ec="10" bec="0" bev="0" fileid="10" />
              </SequencePoints>
              <BranchPoints />
              <MethodPoint xsi:type="SequencePoint" vc="2" uspid="719" ordinal="0" offset="0" sl="113" sc="9" el="113" ec="10" bec="0" bev="0" fileid="10" />
            </Method>
            <Method visited="true" cyclomaticComplexity="6" nPathComplexity="8" sequenceCoverage="100" branchCoverage="100" crapScore="6" isConstructor="false" isStatic="false" isGetter="false" isSetter="false">
              <Summary numSequencePoints="26" visitedSequencePoints="26" numBranchPoints="7" visitedBranchPoints="7" sequenceCoverage="100" branchCoverage="100" maxCyclomaticComplexity="6" minCyclomaticComplexity="6" maxCrapScore="6" minCrapScore="6" visitedClasses="0" numClasses="0" visitedMethods="1" numMethods="1" />
              <MetadataToken>100663339</MetadataToken>
              <Name>System.String gradientEditor.Helpers.ColorHelper::FormatGradientResult(System.String,System.String,System.Windows.Forms.DataGridView)</Name>
              <FileRef uid="10" />
              <SequencePoints>
                <SequencePoint vc="2" uspid="723" ordinal="0" offset="0" sl="122" sc="9" el="122" ec="10" bec="0" bev="0" fileid="10" />
                <SequencePoint vc="2" uspid="724" ordinal="1" offset="1" sl="123" sc="13" el="123" ec="79" bec="0" bev="0" fileid="10" />
                <SequencePoint vc="2" uspid="725" ordinal="2" offset="19" sl="124" sc="13" el="124" ec="60" bec="0" bev="0" fileid="10" />
                <SequencePoint vc="2" uspid="726" ordinal="3" offset="25" sl="126" sc="13" el="126" ec="20" bec="0" bev="0" fileid="10" />
                <SequencePoint vc="2" uspid="727" ordinal="4" offset="26" sl="126" sc="45" el="126" ec="62" bec="0" bev="0" fileid="10" />
                <SequencePoint vc="5" uspid="728" ordinal="5" offset="43" sl="126" sc="22" el="126" ec="41" bec="0" bev="0" fileid="10" />
                <SequencePoint vc="5" uspid="729" ordinal="6" offset="55" sl="127" sc="13" el="127" ec="14" bec="0" bev="0" fileid="10" />
                <SequencePoint vc="5" uspid="730" ordinal="7" offset="56" sl="128" sc="17" el="128" ec="94" bec="4" bev="4" fileid="10" />
                <SequencePoint vc="3" uspid="731" ordinal="8" offset="112" sl="129" sc="17" el="129" ec="18" bec="0" bev="0" fileid="10" />
                <SequencePoint vc="3" uspid="732" ordinal="9" offset="113" sl="130" sc="21" el="130" ec="74" bec="0" bev="0" fileid="10" />
                <SequencePoint vc="3" uspid="733" ordinal="10" offset="141" sl="131" sc="21" el="131" ec="77" bec="0" bev="0" fileid="10" />
                <SequencePoint vc="3" uspid="734" ordinal="11" offset="169" sl="132" sc="21" el="132" ec="50" bec="0" bev="0" fileid="10" />
                <SequencePoint vc="3" uspid="735" ordinal="12" offset="178" sl="133" sc="21" el="133" ec="74" bec="0" bev="0" fileid="10" />
                <SequencePoint vc="3" uspid="736" ordinal="13" offset="220" sl="134" sc="17" el="134" ec="18" bec="0" bev="0" fileid="10" />
                <SequencePoint vc="5" uspid="737" ordinal="14" offset="221" sl="135" sc="13" el="135" ec="14" bec="0" bev="0" fileid="10" />
                <SequencePoint vc="7" uspid="738" ordinal="15" offset="222" sl="126" sc="42" el="126" ec="44" bec="0" bev="0" fileid="10" />
                <SequencePoint vc="2" uspid="739" ordinal="16" offset="256" sl="137" sc="13" el="137" ec="85" bec="0" bev="0" fileid="10" />
                <SequencePoint vc="2" uspid="740" ordinal="17" offset="272" sl="138" sc="13" el="138" ec="35" bec="0" bev="0" fileid="10" />
                <SequencePoint vc="2" uspid="741" ordinal="18" offset="284" sl="140" sc="13" el="140" ec="43" bec="2" bev="2" fileid="10" />
                <SequencePoint vc="1" uspid="742" ordinal="19" offset="302" sl="141" sc="13" el="141" ec="14" bec="0" bev="0" fileid="10" />
                <SequencePoint vc="1" uspid="743" ordinal="20" offset="303" sl="142" sc="17" el="142" ec="39" bec="0" bev="0" fileid="10" />
                <SequencePoint vc="1" uspid="744" ordinal="21" offset="308" sl="145" sc="13" el="145" ec="14" bec="0" bev="0" fileid="10" />
                <SequencePoint vc="1" uspid="745" ordinal="22" offset="309" sl="146" sc="17" el="146" ec="37" bec="0" bev="0" fileid="10" />
                <SequencePoint vc="1" uspid="746" ordinal="23" offset="315" sl="147" sc="13" el="147" ec="14" bec="0" bev="0" fileid="10" />
                <SequencePoint vc="1" uspid="747" ordinal="24" offset="316" sl="149" sc="13" el="149" ec="35" bec="0" bev="0" fileid="10" />
                <SequencePoint vc="2" uspid="748" ordinal="25" offset="321" sl="150" sc="9" el="150" ec="10" bec="0" bev="0" fileid="10" />
              </SequencePoints>
              <BranchPoints>
                <BranchPoint vc="3" uspid="749" ordinal="0" offset="77" sl="128" path="0" offsetend="79" fileid="10" />
                <BranchPoint vc="2" uspid="750" ordinal="1" offset="77" sl="128" path="1" offsetend="105" fileid="10" />
                <BranchPoint vc="3" uspid="751" ordinal="2" offset="110" sl="128" path="0" offsetend="112" fileid="10" />
                <BranchPoint vc="2" uspid="752" ordinal="3" offset="110" sl="128" path="1" offsetend="221" fileid="10" />
                <BranchPoint vc="1" uspid="755" ordinal="6" offset="300" sl="140" path="0" offsetend="302" fileid="10" />
                <BranchPoint vc="1" uspid="756" ordinal="7" offset="300" sl="140" path="1" offsetend="308" fileid="10" />
              </BranchPoints>
              <MethodPoint xsi:type="SequencePoint" vc="2" uspid="723" ordinal="0" offset="0" sl="122" sc="9" el="122" ec="10" bec="0" bev="0" fileid="10" />
            </Method>
            <Method visited="true" cyclomaticComplexity="13" nPathComplexity="128" sequenceCoverage="100" branchCoverage="66.67" crapScore="13" isConstructor="false" isStatic="false" isGetter="false" isSetter="false">
              <Summary numSequencePoints="45" visitedSequencePoints="45" numBranchPoints="15" visitedBranchPoints="10" sequenceCoverage="100" branchCoverage="66.67" maxCyclomaticComplexity="13" minCyclomaticComplexity="13" maxCrapScore="13" minCrapScore="13" visitedClasses="0" numClasses="0" visitedMethods="1" numMethods="1" />
              <MetadataToken>100663340</MetadataToken>
              <Name>System.Windows.Forms.DataGridView gradientEditor.Helpers.ColorHelper::ConvertResultToFormData(System.Windows.Forms.DataGridView,System.String,System.Windows.Forms.ComboBox,System.Windows.Forms.ComboBox)</Name>
              <FileRef uid="10" />
              <SequencePoints>
                <SequencePoint vc="2" uspid="757" ordinal="0" offset="0" sl="153" sc="9" el="153" ec="10" bec="0" bev="0" fileid="10" />
                <SequencePoint vc="2" uspid="758" ordinal="1" offset="1" sl="155" sc="13" el="155" ec="62" bec="0" bev="0" fileid="10" />
                <SequencePoint vc="2" uspid="759" ordinal="2" offset="7" sl="156" sc="13" el="156" ec="58" bec="0" bev="0" fileid="10" />
                <SequencePoint vc="2" uspid="760" ordinal="3" offset="13" sl="157" sc="13" el="157" ec="89" bec="0" bev="0" fileid="10" />
                <SequencePoint vc="2" uspid="761" ordinal="4" offset="19" sl="159" sc="13" el="159" ec="78" bec="0" bev="0" fileid="10" />
                <SequencePoint vc="2" uspid="762" ordinal="5" offset="27" sl="160" sc="13" el="160" ec="80" bec="0" bev="0" fileid="10" />
                <SequencePoint vc="2" uspid="763" ordinal="6" offset="36" sl="161" sc="13" el="161" ec="81" bec="0" bev="0" fileid="10" />
                <SequencePoint vc="2" uspid="764" ordinal="7" offset="45" sl="163" sc="13" el="163" ec="58" bec="2" bev="1" fileid="10" />
                <SequencePoint vc="2" uspid="765" ordinal="8" offset="64" sl="164" sc="13" el="164" ec="68" bec="2" bev="1" fileid="10" />
                <SequencePoint vc="2" uspid="766" ordinal="9" offset="86" sl="166" sc="13" el="166" ec="53" bec="0" bev="0" fileid="10" />
                <SequencePoint vc="2" uspid="767" ordinal="10" offset="99" sl="168" sc="13" el="168" ec="23" bec="2" bev="2" fileid="10" />
                <SequencePoint vc="1" uspid="768" ordinal="11" offset="107" sl="169" sc="13" el="169" ec="14" bec="0" bev="0" fileid="10" />
                <SequencePoint vc="1" uspid="769" ordinal="12" offset="108" sl="171" sc="13" el="171" ec="14" bec="0" bev="0" fileid="10" />
                <SequencePoint vc="1" uspid="770" ordinal="13" offset="111" sl="173" sc="13" el="173" ec="14" bec="0" bev="0" fileid="10" />
                <SequencePoint vc="1" uspid="771" ordinal="14" offset="112" sl="175" sc="13" el="175" ec="14" bec="0" bev="0" fileid="10" />
                <SequencePoint vc="2" uspid="772" ordinal="15" offset="113" sl="177" sc="13" el="177" ec="27" bec="0" bev="0" fileid="10" />
                <SequencePoint vc="2" uspid="773" ordinal="16" offset="116" sl="178" sc="13" el="178" ec="20" bec="0" bev="0" fileid="10" />
                <SequencePoint vc="2" uspid="774" ordinal="17" offset="117" sl="178" sc="37" el="178" ec="43" bec="0" bev="0" fileid="10" />
                <SequencePoint vc="4" uspid="775" ordinal="18" offset="131" sl="178" sc="22" el="178" ec="33" bec="0" bev="0" fileid="10" />
                <SequencePoint vc="4" uspid="776" ordinal="19" offset="145" sl="179" sc="13" el="179" ec="14" bec="0" bev="0" fileid="10" />
                <SequencePoint vc="4" uspid="777" ordinal="20" offset="146" sl="181" sc="17" el="181" ec="49" bec="0" bev="0" fileid="10" />
                <SequencePoint vc="4" uspid="778" ordinal="21" offset="155" sl="182" sc="17" el="182" ec="79" bec="0" bev="0" fileid="10" />
                <SequencePoint vc="4" uspid="779" ordinal="22" offset="162" sl="183" sc="17" el="183" ec="86" bec="0" bev="0" fileid="10" />
                <SequencePoint vc="4" uspid="780" ordinal="23" offset="169" sl="186" sc="17" el="186" ec="27" bec="2" bev="2" fileid="10" />
                <SequencePoint vc="2" uspid="781" ordinal="24" offset="177" sl="187" sc="17" el="187" ec="18" bec="0" bev="0" fileid="10" />
                <SequencePoint vc="2" uspid="782" ordinal="25" offset="178" sl="188" sc="21" el="188" ec="75" bec="0" bev="0" fileid="10" />
                <SequencePoint vc="2" uspid="783" ordinal="26" offset="189" sl="189" sc="17" el="189" ec="18" bec="0" bev="0" fileid="10" />
                <SequencePoint vc="2" uspid="784" ordinal="27" offset="192" sl="191" sc="17" el="191" ec="18" bec="0" bev="0" fileid="10" />
                <SequencePoint vc="2" uspid="785" ordinal="28" offset="193" sl="192" sc="21" el="192" ec="76" bec="0" bev="0" fileid="10" />
                <SequencePoint vc="2" uspid="786" ordinal="29" offset="204" sl="193" sc="17" el="193" ec="18" bec="0" bev="0" fileid="10" />
                <SequencePoint vc="4" uspid="787" ordinal="30" offset="205" sl="195" sc="17" el="195" ec="40" bec="2" bev="1" fileid="10" />
                <SequencePoint vc="4" uspid="788" ordinal="31" offset="218" sl="196" sc="17" el="196" ec="18" bec="0" bev="0" fileid="10" />
                <SequencePoint vc="4" uspid="789" ordinal="32" offset="219" sl="197" sc="21" el="197" ec="87" bec="2" bev="1" fileid="10" />
                <SequencePoint vc="4" uspid="790" ordinal="33" offset="267" sl="198" sc="17" el="198" ec="18" bec="0" bev="0" fileid="10" />
                <SequencePoint vc="4" uspid="791" ordinal="34" offset="268" sl="201" sc="17" el="201" ec="55" bec="0" bev="0" fileid="10" />
                <SequencePoint vc="4" uspid="792" ordinal="35" offset="275" sl="202" sc="17" el="202" ec="101" bec="0" bev="0" fileid="10" />
                <SequencePoint vc="4" uspid="793" ordinal="36" offset="301" sl="204" sc="17" el="204" ec="45" bec="2" bev="1" fileid="10" />
                <SequencePoint vc="4" uspid="794" ordinal="37" offset="314" sl="205" sc="17" el="205" ec="18" bec="0" bev="0" fileid="10" />
                <SequencePoint vc="4" uspid="795" ordinal="38" offset="315" sl="206" sc="21" el="206" ec="95" bec="0" bev="0" fileid="10" />
                <SequencePoint vc="4" uspid="796" ordinal="39" offset="356" sl="207" sc="17" el="207" ec="18" bec="0" bev="0" fileid="10" />
                <SequencePoint vc="4" uspid="797" ordinal="40" offset="357" sl="208" sc="17" el="208" ec="25" bec="0" bev="0" fileid="10" />
                <SequencePoint vc="4" uspid="798" ordinal="41" offset="363" sl="210" sc="13" el="210" ec="14" bec="0" bev="0" fileid="10" />
                <SequencePoint vc="6" uspid="799" ordinal="42" offset="364" sl="178" sc="34" el="178" ec="36" bec="0" bev="0" fileid="10" />
                <SequencePoint vc="2" uspid="800" ordinal="43" offset="400" sl="212" sc="13" el="212" ec="33" bec="0" bev="0" fileid="10" />
                <SequencePoint vc="2" uspid="801" ordinal="44" offset="405" sl="213" sc="9" el="213" ec="10" bec="0" bev="0" fileid="10" />
              </SequencePoints>
              <BranchPoints>
                <BranchPoint vc="0" uspid="802" ordinal="0" offset="47" sl="163" path="0" offsetend="49" fileid="10" />
                <BranchPoint vc="2" uspid="803" ordinal="1" offset="47" sl="163" path="1" offsetend="52" fileid="10" />
                <BranchPoint vc="0" uspid="804" ordinal="2" offset="68" sl="164" path="0" offsetend="70" fileid="10" />
                <BranchPoint vc="2" uspid="805" ordinal="3" offset="68" sl="164" path="1" offsetend="73" fileid="10" />
                <BranchPoint vc="1" uspid="806" ordinal="4" offset="105" sl="168" path="0" offsetend="107" fileid="10" />
                <BranchPoint vc="1" uspid="807" ordinal="5" offset="105" sl="168" path="1" offsetend="111" fileid="10" />
                <BranchPoint vc="2" uspid="808" ordinal="6" offset="175" sl="186" path="0" offsetend="177" fileid="10" />
                <BranchPoint vc="2" uspid="809" ordinal="7" offset="175" sl="186" path="1" offsetend="192" fileid="10" />
                <BranchPoint vc="4" uspid="810" ordinal="8" offset="216" sl="195" path="0" offsetend="218" fileid="10" />
                <BranchPoint vc="0" uspid="811" ordinal="9" offset="216" sl="195" path="1" offsetend="268" fileid="10" />
                <BranchPoint vc="0" uspid="812" ordinal="10" offset="249" sl="197" path="0" offsetend="251" fileid="10" />
                <BranchPoint vc="4" uspid="813" ordinal="11" offset="249" sl="197" path="1" offsetend="254" fileid="10" />
                <BranchPoint vc="4" uspid="814" ordinal="12" offset="312" sl="204" path="0" offsetend="314" fileid="10" />
                <BranchPoint vc="0" uspid="815" ordinal="13" offset="312" sl="204" path="1" offsetend="357" fileid="10" />
              </BranchPoints>
              <MethodPoint xsi:type="SequencePoint" vc="2" uspid="757" ordinal="0" offset="0" sl="153" sc="9" el="153" ec="10" bec="0" bev="0" fileid="10" />
            </Method>
            <Method visited="false" cyclomaticComplexity="1" nPathComplexity="0" sequenceCoverage="0" branchCoverage="0" crapScore="2" isConstructor="true" isStatic="false" isGetter="false" isSetter="false">
              <Summary numSequencePoints="0" visitedSequencePoints="0" numBranchPoints="0" visitedBranchPoints="0" sequenceCoverage="0" branchCoverage="0" maxCyclomaticComplexity="1" minCyclomaticComplexity="1" maxCrapScore="2" minCrapScore="2" visitedClasses="0" numClasses="0" visitedMethods="0" numMethods="0" />
              <MetadataToken>100663341</MetadataToken>
              <Name>System.Void gradientEditor.Helpers.ColorHelper::.ctor()</Name>
              <SequencePoints />
              <BranchPoints />
              <MethodPoint vc="0" uspid="818" ordinal="0" offset="0" />
            </Method>
          </Methods>
        </Class>
      </Classes>
    </Module>
  </Modules>
</CoverageSession>